<?xml version="1.0" encoding="utf-8" standalone="yes"?>
<!DOCTYPE report PUBLIC "-//JACOCO//DTD Report 1.0//EN"
"report.dtd">
<report name="Jenkins Emma plugin">
  <sessioninfo id="to-tck1.yyz.redhat.com-39eac6af"
  start="1319127894856" dump="1319127942762" />
  <package name="hudson/plugins/emma/portlet/bean">
    <class name="hudson/plugins/emma/portlet/bean/EmmaCoverageResultSummary">

      <method name="&lt;init&gt;" desc="()V" line="79">
        <counter type="INSTRUCTION" missed="0" covered="8" />
        <counter type="LINE" missed="0" covered="3" />
        <counter type="COMPLEXITY" missed="0" covered="1" />
        <counter type="METHOD" missed="0" covered="1" />
      </method>
      <method name="&lt;init&gt;"
      desc="(Lhudson/model/Job;FFFFFF)V" line="79">
        <counter type="INSTRUCTION" missed="0" covered="29" />
        <counter type="LINE" missed="0" covered="10" />
        <counter type="COMPLEXITY" missed="0" covered="1" />
        <counter type="METHOD" missed="0" covered="1" />
      </method>
      <method name="addCoverageResult"
      desc="(Lhudson/plugins/emma/portlet/bean/EmmaCoverageResultSummary;)Lhudson/plugins/emma/portlet/bean/EmmaCoverageResultSummary;"
      line="122">
        <counter type="INSTRUCTION" missed="0" covered="49" />
        <counter type="LINE" missed="0" covered="8" />
        <counter type="COMPLEXITY" missed="0" covered="1" />
        <counter type="METHOD" missed="0" covered="1" />
      </method>
      <method name="getEmmaCoverageResults"
      desc="()Ljava/util/List;" line="140">
        <counter type="INSTRUCTION" missed="3" covered="0" />
        <counter type="LINE" missed="1" covered="0" />
        <counter type="COMPLEXITY" missed="1" covered="0" />
        <counter type="METHOD" missed="1" covered="0" />
      </method>
      <method name="getTotalClassCoverage" desc="()F" line="149">
        <counter type="INSTRUCTION" missed="21" covered="0" />
        <counter type="BRANCH" missed="2" covered="0" />
        <counter type="LINE" missed="5" covered="0" />
        <counter type="COMPLEXITY" missed="2" covered="0" />
        <counter type="METHOD" missed="1" covered="0" />
      </method>
      <method name="getTotalBranchCoverage" desc="()F" line="164">
        <counter type="INSTRUCTION" missed="21" covered="0" />
        <counter type="BRANCH" missed="2" covered="0" />
        <counter type="LINE" missed="5" covered="0" />
        <counter type="COMPLEXITY" missed="2" covered="0" />
        <counter type="METHOD" missed="1" covered="0" />
      </method>
      <method name="getTotalInstructionCoverage" desc="()F"
      line="179">
        <counter type="INSTRUCTION" missed="21" covered="0" />
        <counter type="BRANCH" missed="2" covered="0" />
        <counter type="LINE" missed="5" covered="0" />
        <counter type="COMPLEXITY" missed="2" covered="0" />
        <counter type="METHOD" missed="1" covered="0" />
      </method>
      <method name="getTotalComplexityScore" desc="()F" line="194">
        <counter type="INSTRUCTION" missed="16" covered="0" />
        <counter type="BRANCH" missed="2" covered="0" />
        <counter type="LINE" missed="5" covered="0" />
        <counter type="COMPLEXITY" missed="2" covered="0" />
        <counter type="METHOD" missed="1" covered="0" />
      </method>
      <method name="getTotalLineCoverage" desc="()F" line="210">
        <counter type="INSTRUCTION" missed="21" covered="0" />
        <counter type="BRANCH" missed="2" covered="0" />
        <counter type="LINE" missed="5" covered="0" />
        <counter type="COMPLEXITY" missed="2" covered="0" />
        <counter type="METHOD" missed="1" covered="0" />
      </method>
      <method name="getTotalMethodCoverage" desc="()F" line="225">
        <counter type="INSTRUCTION" missed="21" covered="0" />
        <counter type="BRANCH" missed="2" covered="0" />
        <counter type="LINE" missed="5" covered="0" />
        <counter type="COMPLEXITY" missed="2" covered="0" />
        <counter type="METHOD" missed="1" covered="0" />
      </method>
      <method name="getJob" desc="()Lhudson/model/Job;" line="238">
        <counter type="INSTRUCTION" missed="3" covered="0" />
        <counter type="LINE" missed="1" covered="0" />
        <counter type="COMPLEXITY" missed="1" covered="0" />
        <counter type="METHOD" missed="1" covered="0" />
      </method>
      <method name="getInstructionCoverage" desc="()F" line="242">
        <counter type="INSTRUCTION" missed="0" covered="3" />
        <counter type="LINE" missed="0" covered="1" />
        <counter type="COMPLEXITY" missed="0" covered="1" />
        <counter type="METHOD" missed="0" covered="1" />
      </method>
      <method name="getBranchCoverage" desc="()F" line="246">
        <counter type="INSTRUCTION" missed="0" covered="3" />
        <counter type="LINE" missed="0" covered="1" />
        <counter type="COMPLEXITY" missed="0" covered="1" />
        <counter type="METHOD" missed="0" covered="1" />
      </method>
      <method name="getComplexityScore" desc="()F" line="250">
        <counter type="INSTRUCTION" missed="0" covered="3" />
        <counter type="LINE" missed="0" covered="1" />
        <counter type="COMPLEXITY" missed="0" covered="1" />
        <counter type="METHOD" missed="0" covered="1" />
      </method>
      <method name="getLineCoverage" desc="()F" line="257">
        <counter type="INSTRUCTION" missed="0" covered="3" />
        <counter type="LINE" missed="0" covered="1" />
        <counter type="COMPLEXITY" missed="0" covered="1" />
        <counter type="METHOD" missed="0" covered="1" />
      </method>
      <method name="getMethodCoverage" desc="()F" line="264">
        <counter type="INSTRUCTION" missed="0" covered="3" />
        <counter type="LINE" missed="0" covered="1" />
        <counter type="COMPLEXITY" missed="0" covered="1" />
        <counter type="METHOD" missed="0" covered="1" />
      </method>
      <method name="getClassCoverage" desc="()F" line="271">
        <counter type="INSTRUCTION" missed="0" covered="3" />
        <counter type="LINE" missed="0" covered="1" />
        <counter type="COMPLEXITY" missed="0" covered="1" />
        <counter type="METHOD" missed="0" covered="1" />
      </method>
      <method name="setJob" desc="(Lhudson/model/Job;)V"
      line="279">
        <counter type="INSTRUCTION" missed="0" covered="4" />
        <counter type="LINE" missed="0" covered="2" />
        <counter type="COMPLEXITY" missed="0" covered="1" />
        <counter type="METHOD" missed="0" covered="1" />
      </method>
      <method name="setInstructionCoverage" desc="(F)V" line="283">
        <counter type="INSTRUCTION" missed="0" covered="4" />
        <counter type="LINE" missed="0" covered="2" />
        <counter type="COMPLEXITY" missed="0" covered="1" />
        <counter type="METHOD" missed="0" covered="1" />
      </method>
      <method name="setBranchCoverage" desc="(F)V" line="287">
        <counter type="INSTRUCTION" missed="0" covered="4" />
        <counter type="LINE" missed="0" covered="2" />
        <counter type="COMPLEXITY" missed="0" covered="1" />
        <counter type="METHOD" missed="0" covered="1" />
      </method>
      <method name="setComplexityScore" desc="(F)V" line="291">
        <counter type="INSTRUCTION" missed="0" covered="4" />
        <counter type="LINE" missed="0" covered="2" />
        <counter type="COMPLEXITY" missed="0" covered="1" />
        <counter type="METHOD" missed="0" covered="1" />
      </method>
      <method name="setLineCoverage" desc="(F)V" line="299">
        <counter type="INSTRUCTION" missed="0" covered="4" />
        <counter type="LINE" missed="0" covered="2" />
        <counter type="COMPLEXITY" missed="0" covered="1" />
        <counter type="METHOD" missed="0" covered="1" />
      </method>
      <method name="setMethodCoverage" desc="(F)V" line="307">
        <counter type="INSTRUCTION" missed="0" covered="4" />
        <counter type="LINE" missed="0" covered="2" />
        <counter type="COMPLEXITY" missed="0" covered="1" />
        <counter type="METHOD" missed="0" covered="1" />
      </method>
      <method name="setClassCoverage" desc="(F)V" line="315">
        <counter type="INSTRUCTION" missed="0" covered="4" />
        <counter type="LINE" missed="0" covered="2" />
        <counter type="COMPLEXITY" missed="0" covered="1" />
        <counter type="METHOD" missed="0" covered="1" />
      </method>
      <method name="getCoverageResults" desc="()Ljava/util/List;"
      line="322">
        <counter type="INSTRUCTION" missed="0" covered="3" />
        <counter type="LINE" missed="0" covered="1" />
        <counter type="COMPLEXITY" missed="0" covered="1" />
        <counter type="METHOD" missed="0" covered="1" />
      </method>
      <method name="setCoverageResults" desc="(Ljava/util/List;)V"
      line="330">
        <counter type="INSTRUCTION" missed="4" covered="0" />
        <counter type="LINE" missed="2" covered="0" />
        <counter type="COMPLEXITY" missed="1" covered="0" />
        <counter type="METHOD" missed="1" covered="0" />
      </method>
      <counter type="INSTRUCTION" missed="131" covered="135" />
      <counter type="BRANCH" missed="12" covered="0" />
      <counter type="LINE" missed="34" covered="41" />
      <counter type="COMPLEXITY" missed="15" covered="17" />
      <counter type="METHOD" missed="9" covered="17" />
      <counter type="CLASS" missed="0" covered="1" />
    </class>
    <sourcefile name="EmmaCoverageResultSummary.java">
      <line nr="79" mi="0" ci="10" mb="0" cb="0" />
      <line nr="84" mi="0" ci="2" mb="0" cb="0" />
      <line nr="85" mi="0" ci="1" mb="0" cb="0" />
      <line nr="101" mi="0" ci="2" mb="0" cb="0" />
      <line nr="103" mi="0" ci="3" mb="0" cb="0" />
      <line nr="104" mi="0" ci="3" mb="0" cb="0" />
      <line nr="105" mi="0" ci="3" mb="0" cb="0" />
      <line nr="106" mi="0" ci="3" mb="0" cb="0" />
      <line nr="107" mi="0" ci="3" mb="0" cb="0" />
      <line nr="108" mi="0" ci="3" mb="0" cb="0" />
      <line nr="109" mi="0" ci="3" mb="0" cb="0" />
      <line nr="110" mi="0" ci="1" mb="0" cb="0" />
      <line nr="122" mi="0" ci="7" mb="0" cb="0" />
      <line nr="123" mi="0" ci="7" mb="0" cb="0" />
      <line nr="124" mi="0" ci="7" mb="0" cb="0" />
      <line nr="125" mi="0" ci="7" mb="0" cb="0" />
      <line nr="126" mi="0" ci="7" mb="0" cb="0" />
      <line nr="127" mi="0" ci="7" mb="0" cb="0" />
      <line nr="129" mi="0" ci="5" mb="0" cb="0" />
      <line nr="131" mi="0" ci="2" mb="0" cb="0" />
      <line nr="140" mi="3" ci="0" mb="0" cb="0" />
      <line nr="149" mi="4" ci="0" mb="2" cb="0" />
      <line nr="150" mi="2" ci="0" mb="0" cb="0" />
      <line nr="152" mi="8" ci="0" mb="0" cb="0" />
      <line nr="153" mi="5" ci="0" mb="0" cb="0" />
      <line nr="154" mi="2" ci="0" mb="0" cb="0" />
      <line nr="164" mi="4" ci="0" mb="2" cb="0" />
      <line nr="165" mi="2" ci="0" mb="0" cb="0" />
      <line nr="167" mi="8" ci="0" mb="0" cb="0" />
      <line nr="168" mi="5" ci="0" mb="0" cb="0" />
      <line nr="169" mi="2" ci="0" mb="0" cb="0" />
      <line nr="179" mi="4" ci="0" mb="2" cb="0" />
      <line nr="180" mi="2" ci="0" mb="0" cb="0" />
      <line nr="182" mi="8" ci="0" mb="0" cb="0" />
      <line nr="183" mi="5" ci="0" mb="0" cb="0" />
      <line nr="184" mi="2" ci="0" mb="0" cb="0" />
      <line nr="194" mi="4" ci="0" mb="2" cb="0" />
      <line nr="195" mi="2" ci="0" mb="0" cb="0" />
      <line nr="198" mi="3" ci="0" mb="0" cb="0" />
      <line nr="199" mi="5" ci="0" mb="0" cb="0" />
      <line nr="200" mi="2" ci="0" mb="0" cb="0" />
      <line nr="210" mi="4" ci="0" mb="2" cb="0" />
      <line nr="211" mi="2" ci="0" mb="0" cb="0" />
      <line nr="213" mi="8" ci="0" mb="0" cb="0" />
      <line nr="214" mi="5" ci="0" mb="0" cb="0" />
      <line nr="215" mi="2" ci="0" mb="0" cb="0" />
      <line nr="225" mi="4" ci="0" mb="2" cb="0" />
      <line nr="226" mi="2" ci="0" mb="0" cb="0" />
      <line nr="228" mi="8" ci="0" mb="0" cb="0" />
      <line nr="229" mi="5" ci="0" mb="0" cb="0" />
      <line nr="230" mi="2" ci="0" mb="0" cb="0" />
      <line nr="238" mi="3" ci="0" mb="0" cb="0" />
      <line nr="242" mi="0" ci="3" mb="0" cb="0" />
      <line nr="246" mi="0" ci="3" mb="0" cb="0" />
      <line nr="250" mi="0" ci="3" mb="0" cb="0" />
      <line nr="257" mi="0" ci="3" mb="0" cb="0" />
      <line nr="264" mi="0" ci="3" mb="0" cb="0" />
      <line nr="271" mi="0" ci="3" mb="0" cb="0" />
      <line nr="279" mi="0" ci="3" mb="0" cb="0" />
      <line nr="280" mi="0" ci="1" mb="0" cb="0" />
      <line nr="283" mi="0" ci="3" mb="0" cb="0" />
      <line nr="284" mi="0" ci="1" mb="0" cb="0" />
      <line nr="287" mi="0" ci="3" mb="0" cb="0" />
      <line nr="288" mi="0" ci="1" mb="0" cb="0" />
      <line nr="291" mi="0" ci="3" mb="0" cb="0" />
      <line nr="292" mi="0" ci="1" mb="0" cb="0" />
      <line nr="299" mi="0" ci="3" mb="0" cb="0" />
      <line nr="300" mi="0" ci="1" mb="0" cb="0" />
      <line nr="307" mi="0" ci="3" mb="0" cb="0" />
      <line nr="308" mi="0" ci="1" mb="0" cb="0" />
      <line nr="315" mi="0" ci="3" mb="0" cb="0" />
      <line nr="316" mi="0" ci="1" mb="0" cb="0" />
      <line nr="322" mi="0" ci="3" mb="0" cb="0" />
      <line nr="330" mi="3" ci="0" mb="0" cb="0" />
      <line nr="331" mi="1" ci="0" mb="0" cb="0" />
      <counter type="INSTRUCTION" missed="131" covered="135" />
      <counter type="BRANCH" missed="12" covered="0" />
      <counter type="LINE" missed="34" covered="41" />
      <counter type="COMPLEXITY" missed="15" covered="17" />
      <counter type="METHOD" missed="9" covered="17" />
      <counter type="CLASS" missed="0" covered="1" />
    </sourcefile>
    <counter type="INSTRUCTION" missed="131" covered="135" />
    <counter type="BRANCH" missed="12" covered="0" />
    <counter type="LINE" missed="34" covered="41" />
    <counter type="COMPLEXITY" missed="15" covered="17" />
    <counter type="METHOD" missed="9" covered="17" />
    <counter type="CLASS" missed="0" covered="1" />
  </package>
  <package name="hudson/plugins/emma/portlet/chart">
    <class name="hudson/plugins/emma/portlet/chart/EmmaBuilderTrendChart$DescriptorImpl">

      <method name="&lt;init&gt;" desc="()V" line="247">
        <counter type="INSTRUCTION" missed="3" covered="0" />
        <counter type="LINE" missed="1" covered="0" />
        <counter type="COMPLEXITY" missed="1" covered="0" />
        <counter type="METHOD" missed="1" covered="0" />
      </method>
      <method name="getDisplayName" desc="()Ljava/lang/String;"
      line="251">
        <counter type="INSTRUCTION" missed="2" covered="0" />
        <counter type="LINE" missed="1" covered="0" />
        <counter type="COMPLEXITY" missed="1" covered="0" />
        <counter type="METHOD" missed="1" covered="0" />
      </method>
      <counter type="INSTRUCTION" missed="5" covered="0" />
      <counter type="LINE" missed="2" covered="0" />
      <counter type="COMPLEXITY" missed="2" covered="0" />
      <counter type="METHOD" missed="2" covered="0" />
      <counter type="CLASS" missed="1" covered="0" />
    </class>
    <class name="hudson/plugins/emma/portlet/chart/EmmaBuilderTrendChart">

      <method name="&lt;init&gt;"
      desc="(Ljava/lang/String;Ljava/lang/String;Ljava/lang/String;Ljava/lang/String;)V"
      line="101">
        <counter type="INSTRUCTION" missed="19" covered="0" />
        <counter type="LINE" missed="5" covered="0" />
        <counter type="COMPLEXITY" missed="1" covered="0" />
        <counter type="METHOD" missed="1" covered="0" />
      </method>
      <method name="getSummaryGraph" desc="()Lhudson/util/Graph;"
      line="119">
        <counter type="INSTRUCTION" missed="16" covered="0" />
        <counter type="LINE" missed="3" covered="0" />
        <counter type="COMPLEXITY" missed="1" covered="0" />
        <counter type="METHOD" missed="1" covered="0" />
      </method>
      <method name="createTrendChart"
      desc="(Ljava/util/Map;II)Lhudson/util/Graph;" line="142">
        <counter type="INSTRUCTION" missed="8" covered="0" />
        <counter type="LINE" missed="1" covered="0" />
        <counter type="COMPLEXITY" missed="1" covered="0" />
        <counter type="METHOD" missed="1" covered="0" />
      </method>
      <method name="buildDataSet"
      desc="(Ljava/util/Map;)Lorg/jfree/data/category/CategoryDataset;"
      line="206">
        <counter type="INSTRUCTION" missed="146" covered="0" />
        <counter type="BRANCH" missed="4" covered="0" />
        <counter type="LINE" missed="25" covered="0" />
        <counter type="COMPLEXITY" missed="3" covered="0" />
        <counter type="METHOD" missed="1" covered="0" />
      </method>
      <method name="getWidth" desc="()I" line="261">
        <counter type="INSTRUCTION" missed="3" covered="0" />
        <counter type="LINE" missed="1" covered="0" />
        <counter type="COMPLEXITY" missed="1" covered="0" />
        <counter type="METHOD" missed="1" covered="0" />
      </method>
      <method name="getHeight" desc="()I" line="270">
        <counter type="INSTRUCTION" missed="3" covered="0" />
        <counter type="LINE" missed="1" covered="0" />
        <counter type="COMPLEXITY" missed="1" covered="0" />
        <counter type="METHOD" missed="1" covered="0" />
      </method>
      <method name="getDaysNumber" desc="()I" line="279">
        <counter type="INSTRUCTION" missed="3" covered="0" />
        <counter type="LINE" missed="1" covered="0" />
        <counter type="COMPLEXITY" missed="1" covered="0" />
        <counter type="METHOD" missed="1" covered="0" />
      </method>
      <counter type="INSTRUCTION" missed="198" covered="0" />
      <counter type="BRANCH" missed="4" covered="0" />
      <counter type="LINE" missed="37" covered="0" />
      <counter type="COMPLEXITY" missed="9" covered="0" />
      <counter type="METHOD" missed="7" covered="0" />
      <counter type="CLASS" missed="1" covered="0" />
    </class>
    <class name="hudson/plugins/emma/portlet/chart/EmmaBuilderTrendChart$1">

      <method name="&lt;init&gt;" desc="(JIILjava/util/Map;)V"
      line="1">
        <counter type="INSTRUCTION" missed="9" covered="0" />
        <counter type="LINE" missed="2" covered="0" />
        <counter type="COMPLEXITY" missed="1" covered="0" />
        <counter type="METHOD" missed="1" covered="0" />
      </method>
      <method name="createGraph"
      desc="()Lorg/jfree/chart/JFreeChart;" line="148">
        <counter type="INSTRUCTION" missed="114" covered="0" />
        <counter type="BRANCH" missed="2" covered="0" />
        <counter type="LINE" missed="31" covered="0" />
        <counter type="COMPLEXITY" missed="2" covered="0" />
        <counter type="METHOD" missed="1" covered="0" />
      </method>
      <counter type="INSTRUCTION" missed="123" covered="0" />
      <counter type="BRANCH" missed="2" covered="0" />
      <counter type="LINE" missed="33" covered="0" />
      <counter type="COMPLEXITY" missed="3" covered="0" />
      <counter type="METHOD" missed="2" covered="0" />
      <counter type="CLASS" missed="1" covered="0" />
    </class>
    <sourcefile name="EmmaBuilderTrendChart.java">
      <line nr="1" mi="3" ci="0" mb="0" cb="0" />
      <line nr="101" mi="3" ci="0" mb="0" cb="0" />
      <line nr="103" mi="5" ci="0" mb="0" cb="0" />
      <line nr="104" mi="5" ci="0" mb="0" cb="0" />
      <line nr="105" mi="5" ci="0" mb="0" cb="0" />
      <line nr="106" mi="1" ci="0" mb="0" cb="0" />
      <line nr="119" mi="4" ci="0" mb="0" cb="0" />
      <line nr="122" mi="5" ci="0" mb="0" cb="0" />
      <line nr="124" mi="7" ci="0" mb="0" cb="0" />
      <line nr="142" mi="14" ci="0" mb="0" cb="0" />
      <line nr="148" mi="3" ci="0" mb="2" cb="0" />
      <line nr="149" mi="4" ci="0" mb="0" cb="0" />
      <line nr="150" mi="6" ci="0" mb="0" cb="0" />
      <line nr="152" mi="2" ci="0" mb="0" cb="0" />
      <line nr="155" mi="2" ci="0" mb="0" cb="0" />
      <line nr="157" mi="5" ci="0" mb="0" cb="0" />
      <line nr="158" mi="7" ci="0" mb="0" cb="0" />
      <line nr="160" mi="3" ci="0" mb="0" cb="0" />
      <line nr="162" mi="3" ci="0" mb="0" cb="0" />
      <line nr="165" mi="3" ci="0" mb="0" cb="0" />
      <line nr="166" mi="7" ci="0" mb="0" cb="0" />
      <line nr="167" mi="5" ci="0" mb="0" cb="0" />
      <line nr="168" mi="5" ci="0" mb="0" cb="0" />
      <line nr="169" mi="5" ci="0" mb="0" cb="0" />
      <line nr="170" mi="4" ci="0" mb="0" cb="0" />
      <line nr="172" mi="3" ci="0" mb="0" cb="0" />
      <line nr="173" mi="3" ci="0" mb="0" cb="0" />
      <line nr="174" mi="3" ci="0" mb="0" cb="0" />
      <line nr="175" mi="3" ci="0" mb="0" cb="0" />
      <line nr="176" mi="3" ci="0" mb="0" cb="0" />
      <line nr="178" mi="5" ci="0" mb="0" cb="0" />
      <line nr="179" mi="3" ci="0" mb="0" cb="0" />
      <line nr="180" mi="3" ci="0" mb="0" cb="0" />
      <line nr="181" mi="3" ci="0" mb="0" cb="0" />
      <line nr="182" mi="3" ci="0" mb="0" cb="0" />
      <line nr="183" mi="3" ci="0" mb="0" cb="0" />
      <line nr="185" mi="4" ci="0" mb="0" cb="0" />
      <line nr="186" mi="3" ci="0" mb="0" cb="0" />
      <line nr="187" mi="3" ci="0" mb="0" cb="0" />
      <line nr="188" mi="3" ci="0" mb="0" cb="0" />
      <line nr="190" mi="2" ci="0" mb="0" cb="0" />
      <line nr="206" mi="4" ci="0" mb="0" cb="0" />
      <line nr="208" mi="12" ci="0" mb="2" cb="0" />
      <line nr="209" mi="2" ci="0" mb="0" cb="0" />
      <line nr="210" mi="2" ci="0" mb="0" cb="0" />
      <line nr="211" mi="2" ci="0" mb="0" cb="0" />
      <line nr="212" mi="2" ci="0" mb="0" cb="0" />
      <line nr="213" mi="2" ci="0" mb="0" cb="0" />
      <line nr="214" mi="2" ci="0" mb="0" cb="0" />
      <line nr="216" mi="2" ci="0" mb="0" cb="0" />
      <line nr="218" mi="5" ci="0" mb="0" cb="0" />
      <line nr="220" mi="11" ci="0" mb="2" cb="0" />
      <line nr="221" mi="5" ci="0" mb="0" cb="0" />
      <line nr="222" mi="5" ci="0" mb="0" cb="0" />
      <line nr="223" mi="5" ci="0" mb="0" cb="0" />
      <line nr="224" mi="5" ci="0" mb="0" cb="0" />
      <line nr="225" mi="5" ci="0" mb="0" cb="0" />
      <line nr="226" mi="5" ci="0" mb="0" cb="0" />
      <line nr="227" mi="1" ci="0" mb="0" cb="0" />
      <line nr="230" mi="11" ci="0" mb="0" cb="0" />
      <line nr="231" mi="11" ci="0" mb="0" cb="0" />
      <line nr="232" mi="11" ci="0" mb="0" cb="0" />
      <line nr="233" mi="11" ci="0" mb="0" cb="0" />
      <line nr="234" mi="11" ci="0" mb="0" cb="0" />
      <line nr="237" mi="11" ci="0" mb="0" cb="0" />
      <line nr="240" mi="3" ci="0" mb="0" cb="0" />
      <line nr="247" mi="3" ci="0" mb="0" cb="0" />
      <line nr="251" mi="2" ci="0" mb="0" cb="0" />
      <line nr="261" mi="3" ci="0" mb="0" cb="0" />
      <line nr="270" mi="3" ci="0" mb="0" cb="0" />
      <line nr="279" mi="3" ci="0" mb="0" cb="0" />
      <counter type="INSTRUCTION" missed="326" covered="0" />
      <counter type="BRANCH" missed="6" covered="0" />
      <counter type="LINE" missed="71" covered="0" />
      <counter type="COMPLEXITY" missed="14" covered="0" />
      <counter type="METHOD" missed="11" covered="0" />
      <counter type="CLASS" missed="3" covered="0" />
    </sourcefile>
    <counter type="INSTRUCTION" missed="326" covered="0" />
    <counter type="BRANCH" missed="6" covered="0" />
    <counter type="LINE" missed="71" covered="0" />
    <counter type="COMPLEXITY" missed="14" covered="0" />
    <counter type="METHOD" missed="11" covered="0" />
    <counter type="CLASS" missed="3" covered="0" />
  </package>
  <package name="hudson/plugins/emma/portlet/utils">
    <class name="hudson/plugins/emma/portlet/utils/Constants">
      <method name="&lt;init&gt;" desc="()V" line="39">
        <counter type="INSTRUCTION" missed="3" covered="0" />
        <counter type="LINE" missed="2" covered="0" />
        <counter type="COMPLEXITY" missed="1" covered="0" />
        <counter type="METHOD" missed="1" covered="0" />
      </method>
      <counter type="INSTRUCTION" missed="3" covered="0" />
      <counter type="LINE" missed="2" covered="0" />
      <counter type="COMPLEXITY" missed="1" covered="0" />
      <counter type="METHOD" missed="1" covered="0" />
      <counter type="CLASS" missed="1" covered="0" />
    </class>
    <class name="hudson/plugins/emma/portlet/utils/Utils">
      <method name="&lt;init&gt;" desc="()V" line="47">
        <counter type="INSTRUCTION" missed="3" covered="0" />
        <counter type="LINE" missed="2" covered="0" />
        <counter type="COMPLEXITY" missed="1" covered="0" />
        <counter type="METHOD" missed="1" covered="0" />
      </method>
      <method name="validateChartAttributes"
      desc="(Ljava/lang/String;I)I" line="65">
        <counter type="INSTRUCTION" missed="2" covered="25" />
        <counter type="BRANCH" missed="0" covered="8" />
        <counter type="LINE" missed="0" covered="10" />
        <counter type="COMPLEXITY" missed="0" covered="5" />
        <counter type="METHOD" missed="0" covered="1" />
      </method>
      <method name="getLastDate"
      desc="(Ljava/util/List;)Lorg/joda/time/LocalDate;" line="97">
        <counter type="INSTRUCTION" missed="2" covered="34" />
        <counter type="BRANCH" missed="1" covered="7" />
        <counter type="LINE" missed="1" covered="9" />
        <counter type="COMPLEXITY" missed="1" covered="4" />
        <counter type="METHOD" missed="0" covered="1" />
      </method>
      <method name="roundFLoat" desc="(IIF)F" line="125">
        <counter type="INSTRUCTION" missed="0" covered="14" />
        <counter type="LINE" missed="0" covered="3" />
        <counter type="COMPLEXITY" missed="0" covered="1" />
        <counter type="METHOD" missed="0" covered="1" />
      </method>
      <counter type="INSTRUCTION" missed="7" covered="73" />
      <counter type="BRANCH" missed="1" covered="15" />
      <counter type="LINE" missed="3" covered="22" />
      <counter type="COMPLEXITY" missed="2" covered="10" />
      <counter type="METHOD" missed="1" covered="3" />
      <counter type="CLASS" missed="0" covered="1" />
    </class>
    <sourcefile name="Constants.java">
      <line nr="39" mi="2" ci="0" mb="0" cb="0" />
      <line nr="40" mi="1" ci="0" mb="0" cb="0" />
      <counter type="INSTRUCTION" missed="3" covered="0" />
      <counter type="LINE" missed="2" covered="0" />
      <counter type="COMPLEXITY" missed="1" covered="0" />
      <counter type="METHOD" missed="1" covered="0" />
      <counter type="CLASS" missed="1" covered="0" />
    </sourcefile>
    <sourcefile name="Utils.java">
      <line nr="47" mi="2" ci="0" mb="0" cb="0" />
      <line nr="48" mi="1" ci="0" mb="0" cb="0" />
      <line nr="65" mi="0" ci="2" mb="0" cb="2" />
      <line nr="66" mi="0" ci="7" mb="0" cb="4" />
      <line nr="67" mi="0" ci="2" mb="0" cb="0" />
      <line nr="72" mi="0" ci="3" mb="0" cb="0" />
      <line nr="74" mi="0" ci="2" mb="0" cb="2" />
      <line nr="75" mi="0" ci="2" mb="0" cb="0" />
      <line nr="77" mi="0" ci="2" mb="0" cb="0" />
      <line nr="78" mi="0" ci="1" mb="0" cb="0" />
      <line nr="79" mi="0" ci="2" mb="0" cb="0" />
      <line nr="83" mi="0" ci="2" mb="0" cb="0" />
      <line nr="97" mi="0" ci="2" mb="0" cb="0" />
      <line nr="98" mi="0" ci="11" mb="0" cb="2" />
      <line nr="99" mi="0" ci="3" mb="0" cb="0" />
      <line nr="100" mi="0" ci="2" mb="0" cb="2" />
      <line nr="101" mi="0" ci="6" mb="0" cb="0" />
      <line nr="102" mi="0" ci="2" mb="0" cb="2" />
      <line nr="103" mi="0" ci="2" mb="0" cb="0" />
      <line nr="105" mi="0" ci="4" mb="1" cb="1" />
      <line nr="106" mi="2" ci="0" mb="0" cb="0" />
      <line nr="110" mi="0" ci="2" mb="0" cb="0" />
      <line nr="125" mi="0" ci="6" mb="0" cb="0" />
      <line nr="126" mi="0" ci="5" mb="0" cb="0" />
      <line nr="127" mi="0" ci="3" mb="0" cb="0" />
      <counter type="INSTRUCTION" missed="7" covered="73" />
      <counter type="BRANCH" missed="1" covered="15" />
      <counter type="LINE" missed="3" covered="22" />
      <counter type="COMPLEXITY" missed="2" covered="10" />
      <counter type="METHOD" missed="1" covered="3" />
      <counter type="CLASS" missed="0" covered="1" />
    </sourcefile>
    <counter type="INSTRUCTION" missed="10" covered="73" />
    <counter type="BRANCH" missed="1" covered="15" />
    <counter type="LINE" missed="5" covered="22" />
    <counter type="COMPLEXITY" missed="3" covered="10" />
    <counter type="METHOD" missed="2" covered="3" />
    <counter type="CLASS" missed="1" covered="1" />
  </package>
  <package name="hudson/plugins/emma/portlet">
    <class name="hudson/plugins/emma/portlet/Messages">
      <method name="&lt;clinit&gt;" desc="()V" line="12">
        <counter type="INSTRUCTION" missed="4" covered="0" />
        <counter type="LINE" missed="2" covered="0" />
        <counter type="COMPLEXITY" missed="1" covered="0" />
        <counter type="METHOD" missed="1" covered="0" />
      </method>
      <method name="&lt;init&gt;" desc="()V" line="12">
        <counter type="INSTRUCTION" missed="3" covered="0" />
        <counter type="LINE" missed="1" covered="0" />
        <counter type="COMPLEXITY" missed="1" covered="0" />
        <counter type="METHOD" missed="1" covered="0" />
      </method>
      <method name="GridTitle" desc="()Ljava/lang/String;"
      line="21">
        <counter type="INSTRUCTION" missed="6" covered="0" />
        <counter type="LINE" missed="1" covered="0" />
        <counter type="COMPLEXITY" missed="1" covered="0" />
        <counter type="METHOD" missed="1" covered="0" />
      </method>
      <method name="_GridTitle"
      desc="()Lorg/jvnet/localizer/Localizable;" line="29">
        <counter type="INSTRUCTION" missed="8" covered="0" />
        <counter type="LINE" missed="1" covered="0" />
        <counter type="COMPLEXITY" missed="1" covered="0" />
        <counter type="METHOD" missed="1" covered="0" />
      </method>
      <method name="ChartTitle" desc="()Ljava/lang/String;"
      line="37">
        <counter type="INSTRUCTION" missed="6" covered="0" />
        <counter type="LINE" missed="1" covered="0" />
        <counter type="COMPLEXITY" missed="1" covered="0" />
        <counter type="METHOD" missed="1" covered="0" />
      </method>
      <method name="_ChartTitle"
      desc="()Lorg/jvnet/localizer/Localizable;" line="45">
        <counter type="INSTRUCTION" missed="8" covered="0" />
        <counter type="LINE" missed="1" covered="0" />
        <counter type="COMPLEXITY" missed="1" covered="0" />
        <counter type="METHOD" missed="1" covered="0" />
      </method>
      <counter type="INSTRUCTION" missed="35" covered="0" />
      <counter type="LINE" missed="6" covered="0" />
      <counter type="COMPLEXITY" missed="6" covered="0" />
      <counter type="METHOD" missed="6" covered="0" />
      <counter type="CLASS" missed="1" covered="0" />
    </class>
    <class name="hudson/plugins/emma/portlet/EmmaLoadData">
      <method name="&lt;init&gt;" desc="()V" line="55">
        <counter type="INSTRUCTION" missed="3" covered="0" />
        <counter type="LINE" missed="2" covered="0" />
        <counter type="COMPLEXITY" missed="1" covered="0" />
        <counter type="METHOD" missed="1" covered="0" />
      </method>
      <method name="loadChartDataWithinRange"
      desc="(Ljava/util/List;I)Ljava/util/Map;" line="70">
        <counter type="INSTRUCTION" missed="8" covered="58" />
        <counter type="BRANCH" missed="3" covered="7" />
        <counter type="LINE" missed="2" covered="15" />
        <counter type="COMPLEXITY" missed="3" covered="3" />
        <counter type="METHOD" missed="0" covered="1" />
      </method>
      <method name="summarize"
      desc="(Ljava/util/Map;Lhudson/model/Run;Lorg/joda/time/LocalDate;Lhudson/model/Job;)V"
      line="131">
        <counter type="INSTRUCTION" missed="44" covered="28" />
        <counter type="BRANCH" missed="13" covered="1" />
        <counter type="LINE" missed="10" covered="8" />
        <counter type="COMPLEXITY" missed="7" covered="1" />
        <counter type="METHOD" missed="0" covered="1" />
      </method>
      <method name="getResult"
      desc="(Lhudson/model/Run;)Lhudson/plugins/emma/portlet/bean/EmmaCoverageResultSummary;"
      line="177">
        <counter type="INSTRUCTION" missed="42" covered="31" />
        <counter type="BRANCH" missed="13" covered="1" />
        <counter type="LINE" missed="12" covered="11" />
        <counter type="COMPLEXITY" missed="7" covered="1" />
        <counter type="METHOD" missed="0" covered="1" />
      </method>
      <method name="getResultSummary"
      desc="(Ljava/util/Collection;)Lhudson/plugins/emma/portlet/bean/EmmaCoverageResultSummary;"
      line="220">
        <counter type="INSTRUCTION" missed="181" covered="0" />
        <counter type="BRANCH" missed="18" covered="0" />
        <counter type="LINE" missed="45" covered="0" />
        <counter type="COMPLEXITY" missed="10" covered="0" />
        <counter type="METHOD" missed="1" covered="0" />
      </method>
      <counter type="INSTRUCTION" missed="278" covered="117" />
      <counter type="BRANCH" missed="47" covered="9" />
      <counter type="LINE" missed="71" covered="34" />
      <counter type="COMPLEXITY" missed="28" covered="5" />
      <counter type="METHOD" missed="2" covered="3" />
      <counter type="CLASS" missed="0" covered="1" />
    </class>
    <sourcefile name="Messages.java">
      <line nr="12" mi="4" ci="0" mb="0" cb="0" />
      <line nr="14" mi="3" ci="0" mb="0" cb="0" />
      <line nr="21" mi="6" ci="0" mb="0" cb="0" />
      <line nr="29" mi="8" ci="0" mb="0" cb="0" />
      <line nr="37" mi="6" ci="0" mb="0" cb="0" />
      <line nr="45" mi="8" ci="0" mb="0" cb="0" />
      <counter type="INSTRUCTION" missed="35" covered="0" />
      <counter type="LINE" missed="6" covered="0" />
      <counter type="COMPLEXITY" missed="6" covered="0" />
      <counter type="METHOD" missed="6" covered="0" />
      <counter type="CLASS" missed="1" covered="0" />
    </sourcefile>
    <sourcefile name="EmmaLoadData.java">
      <line nr="55" mi="2" ci="0" mb="0" cb="0" />
      <line nr="56" mi="1" ci="0" mb="0" cb="0" />
      <line nr="70" mi="0" ci="4" mb="0" cb="0" />
      <line nr="73" mi="0" ci="3" mb="0" cb="0" />
      <line nr="76" mi="0" ci="2" mb="1" cb="1" />
      <line nr="77" mi="2" ci="0" mb="0" cb="0" />
      <line nr="81" mi="0" ci="4" mb="0" cb="0" />
      <line nr="85" mi="0" ci="11" mb="0" cb="2" />
      <line nr="87" mi="0" ci="3" mb="0" cb="0" />
      <line nr="89" mi="0" ci="2" mb="0" cb="2" />
      <line nr="90" mi="0" ci="6" mb="0" cb="0" />
      <line nr="92" mi="0" ci="5" mb="1" cb="1" />
      <line nr="94" mi="0" ci="5" mb="0" cb="0" />
      <line nr="96" mi="0" ci="3" mb="0" cb="0" />
      <line nr="98" mi="0" ci="2" mb="1" cb="1" />
      <line nr="99" mi="0" ci="1" mb="0" cb="0" />
      <line nr="102" mi="6" ci="0" mb="0" cb="0" />
      <line nr="109" mi="0" ci="5" mb="0" cb="0" />
      <line nr="111" mi="0" ci="2" mb="0" cb="0" />
      <line nr="131" mi="0" ci="3" mb="0" cb="0" />
      <line nr="134" mi="0" ci="5" mb="0" cb="0" />
      <line nr="141" mi="0" ci="2" mb="1" cb="1" />
      <line nr="142" mi="0" ci="4" mb="0" cb="0" />
      <line nr="143" mi="0" ci="4" mb="0" cb="0" />
      <line nr="144" mi="0" ci="4" mb="0" cb="0" />
      <line nr="148" mi="3" ci="0" mb="0" cb="0" />
      <line nr="149" mi="2" ci="0" mb="0" cb="0" />
      <line nr="151" mi="11" ci="0" mb="2" cb="0" />
      <line nr="152" mi="9" ci="0" mb="6" cb="0" />
      <line nr="153" mi="7" ci="0" mb="2" cb="0" />
      <line nr="154" mi="2" ci="0" mb="0" cb="0" />
      <line nr="155" mi="1" ci="0" mb="0" cb="0" />
      <line nr="160" mi="2" ci="0" mb="2" cb="0" />
      <line nr="161" mi="4" ci="0" mb="0" cb="0" />
      <line nr="162" mi="3" ci="0" mb="0" cb="0" />
      <line nr="166" mi="0" ci="5" mb="0" cb="0" />
      <line nr="167" mi="0" ci="1" mb="0" cb="0" />
      <line nr="177" mi="0" ci="5" mb="0" cb="0" />
      <line nr="179" mi="0" ci="2" mb="0" cb="0" />
      <line nr="180" mi="0" ci="2" mb="0" cb="0" />
      <line nr="181" mi="0" ci="2" mb="0" cb="0" />
      <line nr="182" mi="0" ci="2" mb="0" cb="0" />
      <line nr="183" mi="0" ci="2" mb="0" cb="0" />
      <line nr="184" mi="0" ci="2" mb="0" cb="0" />
      <line nr="186" mi="0" ci="2" mb="1" cb="1" />
      <line nr="187" mi="3" ci="0" mb="2" cb="0" />
      <line nr="188" mi="4" ci="0" mb="0" cb="0" />
      <line nr="190" mi="3" ci="0" mb="2" cb="0" />
      <line nr="191" mi="4" ci="0" mb="0" cb="0" />
      <line nr="193" mi="3" ci="0" mb="2" cb="0" />
      <line nr="194" mi="4" ci="0" mb="0" cb="0" />
      <line nr="196" mi="3" ci="0" mb="2" cb="0" />
      <line nr="197" mi="4" ci="0" mb="0" cb="0" />
      <line nr="199" mi="3" ci="0" mb="2" cb="0" />
      <line nr="200" mi="4" ci="0" mb="0" cb="0" />
      <line nr="202" mi="3" ci="0" mb="2" cb="0" />
      <line nr="203" mi="4" ci="0" mb="0" cb="0" />
      <line nr="206" mi="0" ci="4" mb="0" cb="0" />
      <line nr="207" mi="0" ci="5" mb="0" cb="0" />
      <line nr="208" mi="0" ci="3" mb="0" cb="0" />
      <line nr="220" mi="4" ci="0" mb="0" cb="0" />
      <line nr="222" mi="11" ci="0" mb="2" cb="0" />
      <line nr="224" mi="2" ci="0" mb="0" cb="0" />
      <line nr="225" mi="2" ci="0" mb="0" cb="0" />
      <line nr="226" mi="2" ci="0" mb="0" cb="0" />
      <line nr="227" mi="2" ci="0" mb="0" cb="0" />
      <line nr="228" mi="2" ci="0" mb="0" cb="0" />
      <line nr="229" mi="2" ci="0" mb="0" cb="0" />
      <line nr="231" mi="3" ci="0" mb="0" cb="0" />
      <line nr="233" mi="2" ci="0" mb="2" cb="0" />
      <line nr="235" mi="6" ci="0" mb="0" cb="0" />
      <line nr="237" mi="2" ci="0" mb="2" cb="0" />
      <line nr="238" mi="3" ci="0" mb="2" cb="0" />
      <line nr="239" mi="4" ci="0" mb="0" cb="0" />
      <line nr="240" mi="6" ci="0" mb="0" cb="0" />
      <line nr="241" mi="5" ci="0" mb="0" cb="0" />
      <line nr="242" mi="3" ci="0" mb="0" cb="0" />
      <line nr="244" mi="3" ci="0" mb="2" cb="0" />
      <line nr="245" mi="4" ci="0" mb="0" cb="0" />
      <line nr="246" mi="6" ci="0" mb="0" cb="0" />
      <line nr="247" mi="5" ci="0" mb="0" cb="0" />
      <line nr="248" mi="3" ci="0" mb="0" cb="0" />
      <line nr="251" mi="3" ci="0" mb="2" cb="0" />
      <line nr="252" mi="4" ci="0" mb="0" cb="0" />
      <line nr="253" mi="6" ci="0" mb="0" cb="0" />
      <line nr="254" mi="5" ci="0" mb="0" cb="0" />
      <line nr="255" mi="3" ci="0" mb="0" cb="0" />
      <line nr="258" mi="3" ci="0" mb="2" cb="0" />
      <line nr="259" mi="4" ci="0" mb="0" cb="0" />
      <line nr="260" mi="6" ci="0" mb="0" cb="0" />
      <line nr="261" mi="5" ci="0" mb="0" cb="0" />
      <line nr="262" mi="3" ci="0" mb="0" cb="0" />
      <line nr="265" mi="3" ci="0" mb="2" cb="0" />
      <line nr="266" mi="4" ci="0" mb="0" cb="0" />
      <line nr="267" mi="6" ci="0" mb="0" cb="0" />
      <line nr="268" mi="5" ci="0" mb="0" cb="0" />
      <line nr="269" mi="3" ci="0" mb="0" cb="0" />
      <line nr="272" mi="3" ci="0" mb="2" cb="0" />
      <line nr="273" mi="4" ci="0" mb="0" cb="0" />
      <line nr="274" mi="6" ci="0" mb="0" cb="0" />
      <line nr="275" mi="5" ci="0" mb="0" cb="0" />
      <line nr="276" mi="3" ci="0" mb="0" cb="0" />
      <line nr="280" mi="5" ci="0" mb="0" cb="0" />
      <line nr="281" mi="8" ci="0" mb="0" cb="0" />
      <line nr="283" mi="2" ci="0" mb="0" cb="0" />
      <counter type="INSTRUCTION" missed="278" covered="117" />
      <counter type="BRANCH" missed="47" covered="9" />
      <counter type="LINE" missed="71" covered="34" />
      <counter type="COMPLEXITY" missed="28" covered="5" />
      <counter type="METHOD" missed="2" covered="3" />
      <counter type="CLASS" missed="0" covered="1" />
    </sourcefile>
    <counter type="INSTRUCTION" missed="313" covered="117" />
    <counter type="BRANCH" missed="47" covered="9" />
    <counter type="LINE" missed="77" covered="34" />
    <counter type="COMPLEXITY" missed="34" covered="5" />
    <counter type="METHOD" missed="8" covered="3" />
    <counter type="CLASS" missed="1" covered="1" />
  </package>
  <package name="hudson/plugins/emma">
    <class name="hudson/plugins/emma/CoverageObject$1">
      <method name="&lt;init&gt;"
      desc="(Lhudson/plugins/emma/CoverageObject;Lhudson/plugins/emma/CoverageObject;Ljava/util/Calendar;II)V"
      line="1">
        <counter type="INSTRUCTION" missed="11" covered="0" />
        <counter type="LINE" missed="2" covered="0" />
        <counter type="COMPLEXITY" missed="1" covered="0" />
        <counter type="METHOD" missed="1" covered="0" />
      </method>
      <method name="createDataSet"
      desc="(Lhudson/plugins/emma/CoverageObject;)Lhudson/util/DataSetBuilder;"
      line="186">
        <counter type="INSTRUCTION" missed="71" covered="0" />
        <counter type="BRANCH" missed="4" covered="0" />
        <counter type="LINE" missed="11" covered="0" />
        <counter type="COMPLEXITY" missed="3" covered="0" />
        <counter type="METHOD" missed="1" covered="0" />
      </method>
      <counter type="INSTRUCTION" missed="82" covered="0" />
      <counter type="BRANCH" missed="4" covered="0" />
      <counter type="LINE" missed="13" covered="0" />
      <counter type="COMPLEXITY" missed="4" covered="0" />
      <counter type="METHOD" missed="2" covered="0" />
      <counter type="CLASS" missed="1" covered="0" />
    </class>
    <class name="hudson/plugins/emma/CoverageObject">
      <method name="&lt;clinit&gt;" desc="()V" line="43">
        <counter type="INSTRUCTION" missed="0" covered="16" />
        <counter type="LINE" missed="0" covered="4" />
        <counter type="COMPLEXITY" missed="0" covered="1" />
        <counter type="METHOD" missed="0" covered="1" />
      </method>
      <method name="&lt;init&gt;" desc="()V" line="43">
        <counter type="INSTRUCTION" missed="0" covered="48" />
        <counter type="LINE" missed="0" covered="8" />
        <counter type="COMPLEXITY" missed="0" covered="1" />
        <counter type="METHOD" missed="0" covered="1" />
      </method>
      <method name="isFailed" desc="()Z" line="55">
        <counter type="INSTRUCTION" missed="3" covered="0" />
        <counter type="LINE" missed="1" covered="0" />
        <counter type="COMPLEXITY" missed="1" covered="0" />
        <counter type="METHOD" missed="1" covered="0" />
      </method>
      <method name="setFailed" desc="()V" line="63">
        <counter type="INSTRUCTION" missed="4" covered="0" />
        <counter type="LINE" missed="2" covered="0" />
        <counter type="COMPLEXITY" missed="1" covered="0" />
        <counter type="METHOD" missed="1" covered="0" />
      </method>
      <method name="getClassCoverage"
      desc="()Lhudson/plugins/emma/Ratio;" line="68">
        <counter type="INSTRUCTION" missed="3" covered="0" />
        <counter type="LINE" missed="1" covered="0" />
        <counter type="COMPLEXITY" missed="1" covered="0" />
        <counter type="METHOD" missed="1" covered="0" />
      </method>
      <method name="getMethodCoverage"
      desc="()Lhudson/plugins/emma/Ratio;" line="73">
        <counter type="INSTRUCTION" missed="3" covered="0" />
        <counter type="LINE" missed="1" covered="0" />
        <counter type="COMPLEXITY" missed="1" covered="0" />
        <counter type="METHOD" missed="1" covered="0" />
      </method>
      <method name="getComplexityScore"
      desc="()Lhudson/plugins/emma/Ratio;" line="78">
        <counter type="INSTRUCTION" missed="3" covered="0" />
        <counter type="LINE" missed="1" covered="0" />
        <counter type="COMPLEXITY" missed="1" covered="0" />
        <counter type="METHOD" missed="1" covered="0" />
      </method>
      <method name="getInstructionCoverage"
      desc="()Lhudson/plugins/emma/Ratio;" line="83">
        <counter type="INSTRUCTION" missed="3" covered="0" />
        <counter type="LINE" missed="1" covered="0" />
        <counter type="COMPLEXITY" missed="1" covered="0" />
        <counter type="METHOD" missed="1" covered="0" />
      </method>
      <method name="getBranchCoverage"
      desc="()Lhudson/plugins/emma/Ratio;" line="88">
        <counter type="INSTRUCTION" missed="3" covered="0" />
        <counter type="LINE" missed="1" covered="0" />
        <counter type="COMPLEXITY" missed="1" covered="0" />
        <counter type="METHOD" missed="1" covered="0" />
      </method>
      <method name="getLineCoverage"
      desc="()Lhudson/plugins/emma/Ratio;" line="96">
        <counter type="INSTRUCTION" missed="3" covered="0" />
        <counter type="LINE" missed="1" covered="0" />
        <counter type="COMPLEXITY" missed="1" covered="0" />
        <counter type="METHOD" missed="1" covered="0" />
      </method>
      <method name="printFourCoverageColumns"
      desc="()Ljava/lang/String;" line="118">
        <counter type="INSTRUCTION" missed="43" covered="0" />
        <counter type="LINE" missed="8" covered="0" />
        <counter type="COMPLEXITY" missed="1" covered="0" />
        <counter type="METHOD" missed="1" covered="0" />
      </method>
      <method name="hasLineCoverage" desc="()Z" line="129">
        <counter type="INSTRUCTION" missed="4" covered="0" />
        <counter type="LINE" missed="1" covered="0" />
        <counter type="COMPLEXITY" missed="1" covered="0" />
        <counter type="METHOD" missed="1" covered="0" />
      </method>
      <method name="hasClassCoverage" desc="()Z" line="133">
        <counter type="INSTRUCTION" missed="4" covered="0" />
        <counter type="LINE" missed="1" covered="0" />
        <counter type="COMPLEXITY" missed="1" covered="0" />
        <counter type="METHOD" missed="1" covered="0" />
      </method>
      <method name="printRatioCell"
      desc="(ZLhudson/plugins/emma/Ratio;Ljava/lang/StringBuilder;)V"
      line="142">
        <counter type="INSTRUCTION" missed="0" covered="47" />
        <counter type="BRANCH" missed="1" covered="5" />
        <counter type="LINE" missed="0" covered="8" />
        <counter type="COMPLEXITY" missed="1" covered="3" />
        <counter type="METHOD" missed="0" covered="1" />
      </method>
      <method name="printRatioTable"
      desc="(Lhudson/plugins/emma/Ratio;Ljava/lang/StringBuilder;)V"
      line="153">
        <counter type="INSTRUCTION" missed="0" covered="48" />
        <counter type="LINE" missed="0" covered="10" />
        <counter type="COMPLEXITY" missed="0" covered="1" />
        <counter type="METHOD" missed="0" covered="1" />
      </method>
      <method name="doGraph"
      desc="(Lorg/kohsuke/stapler/StaplerRequest;Lorg/kohsuke/stapler/StaplerResponse;)V"
      line="168">
        <counter type="INSTRUCTION" missed="58" covered="0" />
        <counter type="BRANCH" missed="6" covered="0" />
        <counter type="LINE" missed="12" covered="0" />
        <counter type="COMPLEXITY" missed="4" covered="0" />
        <counter type="METHOD" missed="1" covered="0" />
      </method>
      <method name="getApi" desc="()Lhudson/model/Api;" line="206">
        <counter type="INSTRUCTION" missed="5" covered="0" />
        <counter type="LINE" missed="1" covered="0" />
        <counter type="COMPLEXITY" missed="1" covered="0" />
        <counter type="METHOD" missed="1" covered="0" />
      </method>
      <counter type="INSTRUCTION" missed="139" covered="159" />
      <counter type="BRANCH" missed="7" covered="5" />
      <counter type="LINE" missed="32" covered="29" />
      <counter type="COMPLEXITY" missed="17" covered="6" />
      <counter type="METHOD" missed="13" covered="4" />
      <counter type="CLASS" missed="0" covered="1" />
    </class>
    <class name="hudson/plugins/emma/ClassReport">
      <method name="&lt;init&gt;" desc="()V" line="6">
        <counter type="INSTRUCTION" missed="3" covered="0" />
        <counter type="LINE" missed="1" covered="0" />
        <counter type="COMPLEXITY" missed="1" covered="0" />
        <counter type="METHOD" missed="1" covered="0" />
      </method>
      <counter type="INSTRUCTION" missed="3" covered="0" />
      <counter type="LINE" missed="1" covered="0" />
      <counter type="COMPLEXITY" missed="1" covered="0" />
      <counter type="METHOD" missed="1" covered="0" />
      <counter type="CLASS" missed="1" covered="0" />
    </class>
    <class name="hudson/plugins/emma/AggregatedReport">
      <method name="&lt;init&gt;" desc="()V" line="15">
        <counter type="INSTRUCTION" missed="0" covered="8" />
        <counter type="LINE" missed="0" covered="2" />
        <counter type="COMPLEXITY" missed="0" covered="1" />
        <counter type="METHOD" missed="0" covered="1" />
      </method>
      <method name="add"
      desc="(Lhudson/plugins/emma/AbstractReport;)V" line="22">
        <counter type="INSTRUCTION" missed="11" covered="0" />
        <counter type="LINE" missed="3" covered="0" />
        <counter type="COMPLEXITY" missed="1" covered="0" />
        <counter type="METHOD" missed="1" covered="0" />
      </method>
      <method name="getChildren" desc="()Ljava/util/Map;"
      line="27">
        <counter type="INSTRUCTION" missed="3" covered="0" />
        <counter type="LINE" missed="1" covered="0" />
        <counter type="COMPLEXITY" missed="1" covered="0" />
        <counter type="METHOD" missed="1" covered="0" />
      </method>
      <method name="setParent"
      desc="(Lhudson/plugins/emma/AggregatedReport;)V" line="31">
        <counter type="INSTRUCTION" missed="20" covered="0" />
        <counter type="BRANCH" missed="2" covered="0" />
        <counter type="LINE" missed="4" covered="0" />
        <counter type="COMPLEXITY" missed="2" covered="0" />
        <counter type="METHOD" missed="1" covered="0" />
      </method>
      <method name="getDynamic"
      desc="(Ljava/lang/String;Lorg/kohsuke/stapler/StaplerRequest;Lorg/kohsuke/stapler/StaplerResponse;)Lhudson/plugins/emma/AbstractReport;"
      line="37">
        <counter type="INSTRUCTION" missed="6" covered="0" />
        <counter type="LINE" missed="1" covered="0" />
        <counter type="COMPLEXITY" missed="1" covered="0" />
        <counter type="METHOD" missed="1" covered="0" />
      </method>
      <method name="setFailed" desc="()V" line="42">
        <counter type="INSTRUCTION" missed="9" covered="0" />
        <counter type="BRANCH" missed="2" covered="0" />
        <counter type="LINE" missed="4" covered="0" />
        <counter type="COMPLEXITY" missed="2" covered="0" />
        <counter type="METHOD" missed="1" covered="0" />
      </method>
      <method name="hasChildren" desc="()Z" line="49">
        <counter type="INSTRUCTION" missed="8" covered="0" />
        <counter type="BRANCH" missed="2" covered="0" />
        <counter type="LINE" missed="1" covered="0" />
        <counter type="COMPLEXITY" missed="2" covered="0" />
        <counter type="METHOD" missed="1" covered="0" />
      </method>
      <method name="hasChildrenLineCoverage" desc="()Z" line="53">
        <counter type="INSTRUCTION" missed="20" covered="0" />
        <counter type="BRANCH" missed="4" covered="0" />
        <counter type="LINE" missed="4" covered="0" />
        <counter type="COMPLEXITY" missed="3" covered="0" />
        <counter type="METHOD" missed="1" covered="0" />
      </method>
      <method name="hasChildrenClassCoverage" desc="()Z" line="62">
        <counter type="INSTRUCTION" missed="20" covered="0" />
        <counter type="BRANCH" missed="4" covered="0" />
        <counter type="LINE" missed="4" covered="0" />
        <counter type="COMPLEXITY" missed="3" covered="0" />
        <counter type="METHOD" missed="1" covered="0" />
      </method>
      <counter type="INSTRUCTION" missed="97" covered="8" />
      <counter type="BRANCH" missed="14" covered="0" />
      <counter type="LINE" missed="22" covered="2" />
      <counter type="COMPLEXITY" missed="15" covered="1" />
      <counter type="METHOD" missed="8" covered="1" />
      <counter type="CLASS" missed="0" covered="1" />
    </class>
    <class name="hudson/plugins/emma/Rule">
      <method name="&lt;init&gt;" desc="()V" line="25">
        <counter type="INSTRUCTION" missed="3" covered="0" />
        <counter type="LINE" missed="1" covered="0" />
        <counter type="COMPLEXITY" missed="1" covered="0" />
        <counter type="METHOD" missed="1" covered="0" />
      </method>
      <counter type="INSTRUCTION" missed="3" covered="0" />
      <counter type="LINE" missed="1" covered="0" />
      <counter type="COMPLEXITY" missed="1" covered="0" />
      <counter type="METHOD" missed="1" covered="0" />
      <counter type="CLASS" missed="1" covered="0" />
    </class>
    <class name="hudson/plugins/emma/AbstractReport">
      <method name="&lt;init&gt;" desc="()V" line="14">
        <counter type="INSTRUCTION" missed="0" covered="3" />
        <counter type="LINE" missed="0" covered="1" />
        <counter type="COMPLEXITY" missed="0" covered="1" />
        <counter type="METHOD" missed="0" covered="1" />
      </method>
      <method name="addCoverage"
      desc="(Lhudson/plugins/emma/CoverageElement;)V" line="23">
        <counter type="INSTRUCTION" missed="4" covered="0" />
        <counter type="LINE" missed="2" covered="0" />
        <counter type="COMPLEXITY" missed="1" covered="0" />
        <counter type="METHOD" missed="1" covered="0" />
      </method>
      <method name="getName" desc="()Ljava/lang/String;" line="27">
        <counter type="INSTRUCTION" missed="3" covered="0" />
        <counter type="LINE" missed="1" covered="0" />
        <counter type="COMPLEXITY" missed="1" covered="0" />
        <counter type="METHOD" missed="1" covered="0" />
      </method>
      <method name="setName" desc="(Ljava/lang/String;)V"
      line="31">
        <counter type="INSTRUCTION" missed="0" covered="4" />
        <counter type="LINE" missed="0" covered="2" />
        <counter type="COMPLEXITY" missed="0" covered="1" />
        <counter type="METHOD" missed="0" covered="1" />
      </method>
      <method name="getDisplayName" desc="()Ljava/lang/String;"
      line="35">
        <counter type="INSTRUCTION" missed="3" covered="0" />
        <counter type="LINE" missed="1" covered="0" />
        <counter type="COMPLEXITY" missed="1" covered="0" />
        <counter type="METHOD" missed="1" covered="0" />
      </method>
      <method name="setParent"
      desc="(Lhudson/plugins/emma/AggregatedReport;)V" line="43">
        <counter type="INSTRUCTION" missed="4" covered="0" />
        <counter type="LINE" missed="2" covered="0" />
        <counter type="COMPLEXITY" missed="1" covered="0" />
        <counter type="METHOD" missed="1" covered="0" />
      </method>
      <method name="getParent"
      desc="()Lhudson/plugins/emma/AggregatedReport;" line="50">
        <counter type="INSTRUCTION" missed="3" covered="0" />
        <counter type="LINE" missed="1" covered="0" />
        <counter type="COMPLEXITY" missed="1" covered="0" />
        <counter type="METHOD" missed="1" covered="0" />
      </method>
      <method name="getPreviousResult"
      desc="()Lhudson/plugins/emma/CoverageObject;" line="55">
        <counter type="INSTRUCTION" missed="22" covered="0" />
        <counter type="BRANCH" missed="4" covered="0" />
        <counter type="LINE" missed="7" covered="0" />
        <counter type="COMPLEXITY" missed="3" covered="0" />
        <counter type="METHOD" missed="1" covered="0" />
      </method>
      <method name="getBuild" desc="()Lhudson/model/AbstractBuild;"
      line="68">
        <counter type="INSTRUCTION" missed="4" covered="0" />
        <counter type="LINE" missed="1" covered="0" />
        <counter type="COMPLEXITY" missed="1" covered="0" />
        <counter type="METHOD" missed="1" covered="0" />
      </method>
      <counter type="INSTRUCTION" missed="43" covered="7" />
      <counter type="BRANCH" missed="4" covered="0" />
      <counter type="LINE" missed="15" covered="3" />
      <counter type="COMPLEXITY" missed="9" covered="2" />
      <counter type="METHOD" missed="7" covered="2" />
      <counter type="CLASS" missed="0" covered="1" />
    </class>
    <class name="hudson/plugins/emma/CoverageElement">
      <method name="&lt;init&gt;" desc="()V" line="11">
        <counter type="INSTRUCTION" missed="0" covered="3" />
        <counter type="LINE" missed="0" covered="1" />
        <counter type="COMPLEXITY" missed="0" covered="1" />
        <counter type="METHOD" missed="0" covered="1" />
      </method>
      <method name="setType" desc="(Ljava/lang/String;)V"
      line="70">
        <counter type="INSTRUCTION" missed="5" covered="0" />
        <counter type="LINE" missed="2" covered="0" />
        <counter type="COMPLEXITY" missed="1" covered="0" />
        <counter type="METHOD" missed="1" covered="0" />
      </method>
      <method name="setMissed" desc="(I)V" line="75">
        <counter type="INSTRUCTION" missed="4" covered="0" />
        <counter type="LINE" missed="2" covered="0" />
        <counter type="COMPLEXITY" missed="1" covered="0" />
        <counter type="METHOD" missed="1" covered="0" />
      </method>
      <method name="setCovered" desc="(I)V" line="80">
        <counter type="INSTRUCTION" missed="4" covered="0" />
        <counter type="LINE" missed="2" covered="0" />
        <counter type="COMPLEXITY" missed="1" covered="0" />
        <counter type="METHOD" missed="1" covered="0" />
      </method>
      <method name="addTo"
      desc="(Lhudson/plugins/emma/AbstractReport;)V" line="84">
        <counter type="INSTRUCTION" missed="15" covered="0" />
        <counter type="LINE" missed="2" covered="0" />
        <counter type="COMPLEXITY" missed="1" covered="0" />
        <counter type="METHOD" missed="1" covered="0" />
      </method>
      <counter type="INSTRUCTION" missed="28" covered="3" />
      <counter type="LINE" missed="8" covered="1" />
      <counter type="COMPLEXITY" missed="4" covered="1" />
      <counter type="METHOD" missed="4" covered="1" />
      <counter type="CLASS" missed="0" covered="1" />
    </class>
    <class name="hudson/plugins/emma/EmmaPublisher">
      <method name="&lt;clinit&gt;" desc="()V" line="32">
        <counter type="INSTRUCTION" missed="0" covered="5" />
        <counter type="LINE" missed="0" covered="2" />
        <counter type="COMPLEXITY" missed="0" covered="1" />
        <counter type="METHOD" missed="0" covered="1" />
      </method>
      <method name="&lt;init&gt;" desc="()V" line="32">
        <counter type="INSTRUCTION" missed="0" covered="8" />
        <counter type="LINE" missed="0" covered="2" />
        <counter type="COMPLEXITY" missed="0" covered="1" />
        <counter type="METHOD" missed="0" covered="1" />
      </method>
      <method name="locateCoverageReports"
      desc="(Lhudson/FilePath;Ljava/lang/String;)[Lhudson/FilePath;"
      line="60">
        <counter type="INSTRUCTION" missed="2" covered="62" />
        <counter type="BRANCH" missed="1" covered="7" />
        <counter type="LINE" missed="1" covered="12" />
        <counter type="COMPLEXITY" missed="1" covered="4" />
        <counter type="METHOD" missed="0" covered="1" />
      </method>
      <method name="saveCoverageReports"
      desc="(Lhudson/FilePath;[Lhudson/FilePath;)V" line="87">
        <counter type="INSTRUCTION" missed="0" covered="37" />
        <counter type="BRANCH" missed="0" covered="4" />
        <counter type="LINE" missed="0" covered="7" />
        <counter type="COMPLEXITY" missed="0" covered="3" />
        <counter type="METHOD" missed="0" covered="1" />
      </method>
      <method name="perform"
      desc="(Lhudson/model/AbstractBuild;Lhudson/Launcher;Lhudson/model/BuildListener;)Z"
      line="97">
        <counter type="INSTRUCTION" missed="116" covered="75" />
        <counter type="BRANCH" missed="10" covered="4" />
        <counter type="LINE" missed="22" covered="11" />
        <counter type="COMPLEXITY" missed="7" covered="1" />
        <counter type="METHOD" missed="0" covered="1" />
      </method>
      <method name="getProjectAction"
      desc="(Lhudson/model/AbstractProject;)Lhudson/model/Action;"
      line="151">
        <counter type="INSTRUCTION" missed="5" covered="0" />
        <counter type="LINE" missed="1" covered="0" />
        <counter type="COMPLEXITY" missed="1" covered="0" />
        <counter type="METHOD" missed="1" covered="0" />
      </method>
      <method name="getRequiredMonitorService"
      desc="()Lhudson/tasks/BuildStepMonitor;" line="155">
        <counter type="INSTRUCTION" missed="0" covered="2" />
        <counter type="LINE" missed="0" covered="1" />
        <counter type="COMPLEXITY" missed="0" covered="1" />
        <counter type="METHOD" missed="0" covered="1" />
      </method>
      <method name="getEmmaReport"
      desc="(Lhudson/model/AbstractBuild;)Ljava/io/File;"
      line="162">
        <counter type="INSTRUCTION" missed="0" covered="7" />
        <counter type="LINE" missed="0" covered="1" />
        <counter type="COMPLEXITY" missed="0" covered="1" />
        <counter type="METHOD" missed="0" covered="1" />
      </method>
      <method name="getDescriptor"
      desc="()Lhudson/tasks/BuildStepDescriptor;" line="167">
        <counter type="INSTRUCTION" missed="0" covered="2" />
        <counter type="LINE" missed="0" covered="1" />
        <counter type="COMPLEXITY" missed="0" covered="1" />
        <counter type="METHOD" missed="0" covered="1" />
      </method>
      <counter type="INSTRUCTION" missed="123" covered="198" />
      <counter type="BRANCH" missed="11" covered="15" />
      <counter type="LINE" missed="24" covered="36" />
      <counter type="COMPLEXITY" missed="9" covered="13" />
      <counter type="METHOD" missed="1" covered="8" />
      <counter type="CLASS" missed="0" covered="1" />
    </class>
    <class name="hudson/plugins/emma/EmmaHealthReportThresholds">
      <method name="&lt;init&gt;" desc="()V" line="25">
        <counter type="INSTRUCTION" missed="0" covered="3" />
        <counter type="LINE" missed="0" covered="2" />
        <counter type="COMPLEXITY" missed="0" covered="1" />
        <counter type="METHOD" missed="0" covered="1" />
      </method>
      <method name="&lt;init&gt;" desc="(IIIIIIIIIIII)V" line="28">
        <counter type="INSTRUCTION" missed="0" covered="41" />
        <counter type="LINE" missed="0" covered="15" />
        <counter type="COMPLEXITY" missed="0" covered="1" />
        <counter type="METHOD" missed="0" covered="1" />
      </method>
      <method name="applyRange" desc="(III)I" line="47">
        <counter type="INSTRUCTION" missed="4" covered="8" />
        <counter type="BRANCH" missed="2" covered="2" />
        <counter type="LINE" missed="0" covered="3" />
        <counter type="COMPLEXITY" missed="2" covered="1" />
        <counter type="METHOD" missed="0" covered="1" />
      </method>
      <method name="ensureValid" desc="()V" line="53">
        <counter type="INSTRUCTION" missed="0" covered="86" />
        <counter type="LINE" missed="0" covered="11" />
        <counter type="COMPLEXITY" missed="0" covered="1" />
        <counter type="METHOD" missed="0" covered="1" />
      </method>
      <method name="getMinClass" desc="()I" line="66">
        <counter type="INSTRUCTION" missed="3" covered="0" />
        <counter type="LINE" missed="1" covered="0" />
        <counter type="COMPLEXITY" missed="1" covered="0" />
        <counter type="METHOD" missed="1" covered="0" />
      </method>
      <method name="setMinClass" desc="(I)V" line="70">
        <counter type="INSTRUCTION" missed="4" covered="0" />
        <counter type="LINE" missed="2" covered="0" />
        <counter type="COMPLEXITY" missed="1" covered="0" />
        <counter type="METHOD" missed="1" covered="0" />
      </method>
      <method name="getMaxClass" desc="()I" line="74">
        <counter type="INSTRUCTION" missed="3" covered="0" />
        <counter type="LINE" missed="1" covered="0" />
        <counter type="COMPLEXITY" missed="1" covered="0" />
        <counter type="METHOD" missed="1" covered="0" />
      </method>
      <method name="setMaxClass" desc="(I)V" line="78">
        <counter type="INSTRUCTION" missed="4" covered="0" />
        <counter type="LINE" missed="2" covered="0" />
        <counter type="COMPLEXITY" missed="1" covered="0" />
        <counter type="METHOD" missed="1" covered="0" />
      </method>
      <method name="getMinMethod" desc="()I" line="82">
        <counter type="INSTRUCTION" missed="3" covered="0" />
        <counter type="LINE" missed="1" covered="0" />
        <counter type="COMPLEXITY" missed="1" covered="0" />
        <counter type="METHOD" missed="1" covered="0" />
      </method>
      <method name="setMinMethod" desc="(I)V" line="86">
        <counter type="INSTRUCTION" missed="4" covered="0" />
        <counter type="LINE" missed="2" covered="0" />
        <counter type="COMPLEXITY" missed="1" covered="0" />
        <counter type="METHOD" missed="1" covered="0" />
      </method>
      <method name="getMaxMethod" desc="()I" line="90">
        <counter type="INSTRUCTION" missed="3" covered="0" />
        <counter type="LINE" missed="1" covered="0" />
        <counter type="COMPLEXITY" missed="1" covered="0" />
        <counter type="METHOD" missed="1" covered="0" />
      </method>
      <method name="setMaxMethod" desc="(I)V" line="94">
        <counter type="INSTRUCTION" missed="4" covered="0" />
        <counter type="LINE" missed="2" covered="0" />
        <counter type="COMPLEXITY" missed="1" covered="0" />
        <counter type="METHOD" missed="1" covered="0" />
      </method>
      <method name="getMinLine" desc="()I" line="98">
        <counter type="INSTRUCTION" missed="3" covered="0" />
        <counter type="LINE" missed="1" covered="0" />
        <counter type="COMPLEXITY" missed="1" covered="0" />
        <counter type="METHOD" missed="1" covered="0" />
      </method>
      <method name="setMinLine" desc="(I)V" line="102">
        <counter type="INSTRUCTION" missed="4" covered="0" />
        <counter type="LINE" missed="2" covered="0" />
        <counter type="COMPLEXITY" missed="1" covered="0" />
        <counter type="METHOD" missed="1" covered="0" />
      </method>
      <method name="getMaxLine" desc="()I" line="106">
        <counter type="INSTRUCTION" missed="3" covered="0" />
        <counter type="LINE" missed="1" covered="0" />
        <counter type="COMPLEXITY" missed="1" covered="0" />
        <counter type="METHOD" missed="1" covered="0" />
      </method>
      <method name="setMaxLine" desc="(I)V" line="110">
        <counter type="INSTRUCTION" missed="4" covered="0" />
        <counter type="LINE" missed="2" covered="0" />
        <counter type="COMPLEXITY" missed="1" covered="0" />
        <counter type="METHOD" missed="1" covered="0" />
      </method>
      <method name="getMinBranch" desc="()I" line="114">
        <counter type="INSTRUCTION" missed="3" covered="0" />
        <counter type="LINE" missed="1" covered="0" />
        <counter type="COMPLEXITY" missed="1" covered="0" />
        <counter type="METHOD" missed="1" covered="0" />
      </method>
      <method name="getMaxBranch" desc="()I" line="118">
        <counter type="INSTRUCTION" missed="3" covered="0" />
        <counter type="LINE" missed="1" covered="0" />
        <counter type="COMPLEXITY" missed="1" covered="0" />
        <counter type="METHOD" missed="1" covered="0" />
      </method>
      <method name="getMinInstruction" desc="()I" line="122">
        <counter type="INSTRUCTION" missed="3" covered="0" />
        <counter type="LINE" missed="1" covered="0" />
        <counter type="COMPLEXITY" missed="1" covered="0" />
        <counter type="METHOD" missed="1" covered="0" />
      </method>
      <method name="getMaxInstruction" desc="()I" line="126">
        <counter type="INSTRUCTION" missed="3" covered="0" />
        <counter type="LINE" missed="1" covered="0" />
        <counter type="COMPLEXITY" missed="1" covered="0" />
        <counter type="METHOD" missed="1" covered="0" />
      </method>
      <method name="getMinComplexity" desc="()I" line="130">
        <counter type="INSTRUCTION" missed="3" covered="0" />
        <counter type="LINE" missed="1" covered="0" />
        <counter type="COMPLEXITY" missed="1" covered="0" />
        <counter type="METHOD" missed="1" covered="0" />
      </method>
      <method name="getMaxComplexity" desc="()I" line="134">
        <counter type="INSTRUCTION" missed="3" covered="0" />
        <counter type="LINE" missed="1" covered="0" />
        <counter type="COMPLEXITY" missed="1" covered="0" />
        <counter type="METHOD" missed="1" covered="0" />
      </method>
      <method name="setMinBranch" desc="(I)V" line="138">
        <counter type="INSTRUCTION" missed="4" covered="0" />
        <counter type="LINE" missed="2" covered="0" />
        <counter type="COMPLEXITY" missed="1" covered="0" />
        <counter type="METHOD" missed="1" covered="0" />
      </method>
      <method name="setMaxBranch" desc="(I)V" line="142">
        <counter type="INSTRUCTION" missed="4" covered="0" />
        <counter type="LINE" missed="2" covered="0" />
        <counter type="COMPLEXITY" missed="1" covered="0" />
        <counter type="METHOD" missed="1" covered="0" />
      </method>
      <method name="setMinInstruction" desc="(I)V" line="146">
        <counter type="INSTRUCTION" missed="4" covered="0" />
        <counter type="LINE" missed="2" covered="0" />
        <counter type="COMPLEXITY" missed="1" covered="0" />
        <counter type="METHOD" missed="1" covered="0" />
      </method>
      <method name="setMaxInstruction" desc="(I)V" line="150">
        <counter type="INSTRUCTION" missed="4" covered="0" />
        <counter type="LINE" missed="2" covered="0" />
        <counter type="COMPLEXITY" missed="1" covered="0" />
        <counter type="METHOD" missed="1" covered="0" />
      </method>
      <method name="setMinComplexity" desc="(I)V" line="154">
        <counter type="INSTRUCTION" missed="4" covered="0" />
        <counter type="LINE" missed="2" covered="0" />
        <counter type="COMPLEXITY" missed="1" covered="0" />
        <counter type="METHOD" missed="1" covered="0" />
      </method>
      <method name="setMaxComplexity" desc="(I)V" line="158">
        <counter type="INSTRUCTION" missed="4" covered="0" />
        <counter type="LINE" missed="2" covered="0" />
        <counter type="COMPLEXITY" missed="1" covered="0" />
        <counter type="METHOD" missed="1" covered="0" />
      </method>
      <counter type="INSTRUCTION" missed="88" covered="138" />
      <counter type="BRANCH" missed="2" covered="2" />
      <counter type="LINE" missed="36" covered="31" />
      <counter type="COMPLEXITY" missed="26" covered="4" />
      <counter type="METHOD" missed="24" covered="4" />
      <counter type="CLASS" missed="0" covered="1" />
    </class>
    <class name="hudson/plugins/emma/EmmaProjectAction">
      <method name="&lt;init&gt;"
      desc="(Lhudson/model/AbstractProject;)V" line="20">
        <counter type="INSTRUCTION" missed="6" covered="0" />
        <counter type="LINE" missed="3" covered="0" />
        <counter type="COMPLEXITY" missed="1" covered="0" />
        <counter type="METHOD" missed="1" covered="0" />
      </method>
      <method name="getIconFileName" desc="()Ljava/lang/String;"
      line="25">
        <counter type="INSTRUCTION" missed="2" covered="0" />
        <counter type="LINE" missed="1" covered="0" />
        <counter type="COMPLEXITY" missed="1" covered="0" />
        <counter type="METHOD" missed="1" covered="0" />
      </method>
      <method name="getDisplayName" desc="()Ljava/lang/String;"
      line="29">
        <counter type="INSTRUCTION" missed="2" covered="0" />
        <counter type="LINE" missed="1" covered="0" />
        <counter type="COMPLEXITY" missed="1" covered="0" />
        <counter type="METHOD" missed="1" covered="0" />
      </method>
      <method name="getUrlName" desc="()Ljava/lang/String;"
      line="33">
        <counter type="INSTRUCTION" missed="2" covered="0" />
        <counter type="LINE" missed="1" covered="0" />
        <counter type="COMPLEXITY" missed="1" covered="0" />
        <counter type="METHOD" missed="1" covered="0" />
      </method>
      <method name="getLastResult"
      desc="()Lhudson/plugins/emma/EmmaBuildAction;" line="40">
        <counter type="INSTRUCTION" missed="28" covered="0" />
        <counter type="BRANCH" missed="6" covered="0" />
        <counter type="LINE" missed="7" covered="0" />
        <counter type="COMPLEXITY" missed="4" covered="0" />
        <counter type="METHOD" missed="1" covered="0" />
      </method>
      <method name="doGraph"
      desc="(Lorg/kohsuke/stapler/StaplerRequest;Lorg/kohsuke/stapler/StaplerResponse;)V"
      line="51">
        <counter type="INSTRUCTION" missed="9" covered="0" />
        <counter type="BRANCH" missed="2" covered="0" />
        <counter type="LINE" missed="3" covered="0" />
        <counter type="COMPLEXITY" missed="2" covered="0" />
        <counter type="METHOD" missed="1" covered="0" />
      </method>
      <counter type="INSTRUCTION" missed="49" covered="0" />
      <counter type="BRANCH" missed="8" covered="0" />
      <counter type="LINE" missed="16" covered="0" />
      <counter type="COMPLEXITY" missed="10" covered="0" />
      <counter type="METHOD" missed="6" covered="0" />
      <counter type="CLASS" missed="1" covered="0" />
    </class>
    <class name="hudson/plugins/emma/SourceFileReport">
      <method name="&lt;init&gt;" desc="()V" line="6">
        <counter type="INSTRUCTION" missed="3" covered="0" />
        <counter type="LINE" missed="1" covered="0" />
        <counter type="COMPLEXITY" missed="1" covered="0" />
        <counter type="METHOD" missed="1" covered="0" />
      </method>
      <counter type="INSTRUCTION" missed="3" covered="0" />
      <counter type="LINE" missed="1" covered="0" />
      <counter type="COMPLEXITY" missed="1" covered="0" />
      <counter type="METHOD" missed="1" covered="0" />
      <counter type="CLASS" missed="1" covered="0" />
    </class>
    <class name="hudson/plugins/emma/CoverageReport">
      <method name="&lt;init&gt;"
      desc="(Lhudson/plugins/emma/EmmaBuildAction;)V" line="20">
        <counter type="INSTRUCTION" missed="0" covered="9" />
        <counter type="LINE" missed="0" covered="4" />
        <counter type="COMPLEXITY" missed="0" covered="1" />
        <counter type="METHOD" missed="0" covered="1" />
      </method>
      <method name="&lt;init&gt;"
      desc="(Lhudson/plugins/emma/EmmaBuildAction;[Ljava/io/InputStream;)V"
      line="26">
        <counter type="INSTRUCTION" missed="12" covered="25" />
        <counter type="BRANCH" missed="1" covered="1" />
        <counter type="LINE" missed="3" covered="4" />
        <counter type="COMPLEXITY" missed="1" covered="1" />
        <counter type="METHOD" missed="0" covered="1" />
      </method>
      <method name="&lt;init&gt;"
      desc="(Lhudson/plugins/emma/EmmaBuildAction;Ljava/io/File;)V"
      line="38">
        <counter type="INSTRUCTION" missed="27" covered="0" />
        <counter type="LINE" missed="6" covered="0" />
        <counter type="COMPLEXITY" missed="1" covered="0" />
        <counter type="METHOD" missed="1" covered="0" />
      </method>
      <method name="getPreviousResult"
      desc="()Lhudson/plugins/emma/CoverageReport;" line="49">
        <counter type="INSTRUCTION" missed="11" covered="0" />
        <counter type="BRANCH" missed="2" covered="0" />
        <counter type="LINE" missed="4" covered="0" />
        <counter type="COMPLEXITY" missed="2" covered="0" />
        <counter type="METHOD" missed="1" covered="0" />
      </method>
      <method name="getBuild" desc="()Lhudson/model/AbstractBuild;"
      line="58">
        <counter type="INSTRUCTION" missed="4" covered="0" />
        <counter type="LINE" missed="1" covered="0" />
        <counter type="COMPLEXITY" missed="1" covered="0" />
        <counter type="METHOD" missed="1" covered="0" />
      </method>
      <method name="createDigester"
      desc="()Lorg/apache/commons/digester/Digester;" line="65">
        <counter type="INSTRUCTION" missed="0" covered="69" />
        <counter type="LINE" missed="0" covered="19" />
        <counter type="COMPLEXITY" missed="0" covered="1" />
        <counter type="METHOD" missed="0" covered="1" />
      </method>
      <counter type="INSTRUCTION" missed="54" covered="103" />
      <counter type="BRANCH" missed="3" covered="1" />
      <counter type="LINE" missed="14" covered="27" />
      <counter type="COMPLEXITY" missed="5" covered="3" />
      <counter type="METHOD" missed="3" covered="3" />
      <counter type="CLASS" missed="0" covered="1" />
    </class>
    <class name="hudson/plugins/emma/CoverageElement$Type">
      <method name="&lt;clinit&gt;" desc="()V" line="18">
        <counter type="INSTRUCTION" missed="0" covered="64" />
        <counter type="LINE" missed="0" covered="7" />
        <counter type="COMPLEXITY" missed="0" covered="1" />
        <counter type="METHOD" missed="0" covered="1" />
      </method>
      <method name="&lt;init&gt;" desc="(Ljava/lang/String;I)V"
      line="18">
        <counter type="INSTRUCTION" missed="0" covered="5" />
        <counter type="LINE" missed="0" covered="1" />
        <counter type="COMPLEXITY" missed="0" covered="1" />
        <counter type="METHOD" missed="0" covered="1" />
      </method>
      <method name="values"
      desc="()[Lhudson/plugins/emma/CoverageElement$Type;"
      line="1">
        <counter type="INSTRUCTION" missed="0" covered="16" />
        <counter type="LINE" missed="0" covered="1" />
        <counter type="COMPLEXITY" missed="0" covered="1" />
        <counter type="METHOD" missed="0" covered="1" />
      </method>
      <method name="valueOf"
      desc="(Ljava/lang/String;)Lhudson/plugins/emma/CoverageElement$Type;"
      line="1">
        <counter type="INSTRUCTION" missed="5" covered="0" />
        <counter type="LINE" missed="1" covered="0" />
        <counter type="COMPLEXITY" missed="1" covered="0" />
        <counter type="METHOD" missed="1" covered="0" />
      </method>
      <counter type="INSTRUCTION" missed="5" covered="85" />
      <counter type="LINE" missed="0" covered="8" />
      <counter type="COMPLEXITY" missed="1" covered="3" />
      <counter type="METHOD" missed="1" covered="3" />
      <counter type="CLASS" missed="0" covered="1" />
    </class>
    <class name="hudson/plugins/emma/PackageReport">
      <method name="&lt;init&gt;" desc="()V" line="6">
        <counter type="INSTRUCTION" missed="3" covered="0" />
        <counter type="LINE" missed="1" covered="0" />
        <counter type="COMPLEXITY" missed="1" covered="0" />
        <counter type="METHOD" missed="1" covered="0" />
      </method>
      <counter type="INSTRUCTION" missed="3" covered="0" />
      <counter type="LINE" missed="1" covered="0" />
      <counter type="COMPLEXITY" missed="1" covered="0" />
      <counter type="METHOD" missed="1" covered="0" />
      <counter type="CLASS" missed="1" covered="0" />
    </class>
    <class name="hudson/plugins/emma/EmmaBuildAction">
      <method name="&lt;clinit&gt;" desc="()V" line="33">
        <counter type="INSTRUCTION" missed="2" covered="10" />
        <counter type="BRANCH" missed="1" covered="1" />
        <counter type="LINE" missed="0" covered="2" />
[...]
      <line nr="266" mi="0" ci="3" mb="0" cb="0" />
      <line nr="268" mi="0" ci="4" mb="0" cb="0" />
      <line nr="269" mi="0" ci="1" mb="0" cb="0" />
      <line nr="270" mi="0" ci="4" mb="0" cb="2" />
      <line nr="271" mi="0" ci="1" mb="0" cb="0" />
      <line nr="272" mi="0" ci="5" mb="0" cb="2" />
      <line nr="277" mi="0" ci="6" mb="1" cb="3" />
      <line nr="278" mi="0" ci="3" mb="0" cb="0" />
      <line nr="281" mi="0" ci="8" mb="0" cb="2" />
      <line nr="282" mi="0" ci="5" mb="1" cb="1" />
      <line nr="283" mi="1" ci="0" mb="0" cb="0" />
      <line nr="285" mi="0" ci="5" mb="0" cb="0" />
      <line nr="286" mi="0" ci="5" mb="0" cb="0" />
      <line nr="288" mi="0" ci="4" mb="0" cb="2" />
      <line nr="289" mi="0" ci="6" mb="0" cb="0" />
      <line nr="291" mi="0" ci="5" mb="0" cb="0" />
      <line nr="295" mi="0" ci="3" mb="0" cb="0" />
      <line nr="296" mi="0" ci="3" mb="0" cb="0" />
      <line nr="299" mi="0" ci="2" mb="0" cb="0" />
      <line nr="303" mi="0" ci="5" mb="0" cb="0" />
      <counter type="INSTRUCTION" missed="553" covered="140" />
      <counter type="BRANCH" missed="71" covered="15" />
      <counter type="LINE" missed="104" covered="30" />
      <counter type="COMPLEXITY" missed="50" covered="9" />
      <counter type="METHOD" missed="12" covered="4" />
      <counter type="CLASS" missed="0" covered="1" />
    </sourcefile>
    <sourcefile name="PackageReport.java">
      <line nr="6" mi="3" ci="0" mb="0" cb="0" />
      <counter type="INSTRUCTION" missed="3" covered="0" />
      <counter type="LINE" missed="1" covered="0" />
      <counter type="COMPLEXITY" missed="1" covered="0" />
      <counter type="METHOD" missed="1" covered="0" />
      <counter type="CLASS" missed="1" covered="0" />
    </sourcefile>
    <sourcefile name="Rule.java">
      <line nr="25" mi="3" ci="0" mb="0" cb="0" />
      <counter type="INSTRUCTION" missed="3" covered="0" />
      <counter type="LINE" missed="1" covered="0" />
      <counter type="COMPLEXITY" missed="1" covered="0" />
      <counter type="METHOD" missed="1" covered="0" />
      <counter type="CLASS" missed="1" covered="0" />
    </sourcefile>
    <sourcefile name="EmmaHealthReportThresholds.java">
      <line nr="25" mi="0" ci="2" mb="0" cb="0" />
      <line nr="26" mi="0" ci="1" mb="0" cb="0" />
      <line nr="28" mi="0" ci="2" mb="0" cb="0" />
      <line nr="31" mi="0" ci="3" mb="0" cb="0" />
      <line nr="32" mi="0" ci="3" mb="0" cb="0" />
      <line nr="33" mi="0" ci="3" mb="0" cb="0" />
      <line nr="34" mi="0" ci="3" mb="0" cb="0" />
      <line nr="35" mi="0" ci="3" mb="0" cb="0" />
      <line nr="36" mi="0" ci="3" mb="0" cb="0" />
      <line nr="37" mi="0" ci="3" mb="0" cb="0" />
      <line nr="38" mi="0" ci="3" mb="0" cb="0" />
      <line nr="39" mi="0" ci="3" mb="0" cb="0" />
      <line nr="40" mi="0" ci="3" mb="0" cb="0" />
      <line nr="41" mi="0" ci="3" mb="0" cb="0" />
      <line nr="42" mi="0" ci="3" mb="0" cb="0" />
      <line nr="43" mi="0" ci="2" mb="0" cb="0" />
      <line nr="44" mi="0" ci="1" mb="0" cb="0" />
      <line nr="47" mi="2" ci="3" mb="1" cb="1" />
      <line nr="48" mi="2" ci="3" mb="1" cb="1" />
      <line nr="49" mi="0" ci="2" mb="0" cb="0" />
      <line nr="53" mi="0" ci="8" mb="0" cb="0" />
      <line nr="54" mi="0" ci="9" mb="0" cb="0" />
      <line nr="55" mi="0" ci="8" mb="0" cb="0" />
      <line nr="56" mi="0" ci="9" mb="0" cb="0" />
      <line nr="57" mi="0" ci="8" mb="0" cb="0" />
      <line nr="58" mi="0" ci="9" mb="0" cb="0" />
      <line nr="59" mi="0" ci="8" mb="0" cb="0" />
      <line nr="60" mi="0" ci="9" mb="0" cb="0" />
      <line nr="61" mi="0" ci="8" mb="0" cb="0" />
      <line nr="62" mi="0" ci="9" mb="0" cb="0" />
      <line nr="63" mi="0" ci="1" mb="0" cb="0" />
      <line nr="66" mi="3" ci="0" mb="0" cb="0" />
      <line nr="70" mi="3" ci="0" mb="0" cb="0" />
      <line nr="71" mi="1" ci="0" mb="0" cb="0" />
      <line nr="74" mi="3" ci="0" mb="0" cb="0" />
      <line nr="78" mi="3" ci="0" mb="0" cb="0" />
      <line nr="79" mi="1" ci="0" mb="0" cb="0" />
      <line nr="82" mi="3" ci="0" mb="0" cb="0" />
      <line nr="86" mi="3" ci="0" mb="0" cb="0" />
      <line nr="87" mi="1" ci="0" mb="0" cb="0" />
      <line nr="90" mi="3" ci="0" mb="0" cb="0" />
      <line nr="94" mi="3" ci="0" mb="0" cb="0" />
      <line nr="95" mi="1" ci="0" mb="0" cb="0" />
      <line nr="98" mi="3" ci="0" mb="0" cb="0" />
      <line nr="102" mi="3" ci="0" mb="0" cb="0" />
      <line nr="103" mi="1" ci="0" mb="0" cb="0" />
      <line nr="106" mi="3" ci="0" mb="0" cb="0" />
      <line nr="110" mi="3" ci="0" mb="0" cb="0" />
      <line nr="111" mi="1" ci="0" mb="0" cb="0" />
      <line nr="114" mi="3" ci="0" mb="0" cb="0" />
      <line nr="118" mi="3" ci="0" mb="0" cb="0" />
      <line nr="122" mi="3" ci="0" mb="0" cb="0" />
      <line nr="126" mi="3" ci="0" mb="0" cb="0" />
      <line nr="130" mi="3" ci="0" mb="0" cb="0" />
      <line nr="134" mi="3" ci="0" mb="0" cb="0" />
      <line nr="138" mi="3" ci="0" mb="0" cb="0" />
      <line nr="139" mi="1" ci="0" mb="0" cb="0" />
      <line nr="142" mi="3" ci="0" mb="0" cb="0" />
      <line nr="143" mi="1" ci="0" mb="0" cb="0" />
      <line nr="146" mi="3" ci="0" mb="0" cb="0" />
      <line nr="147" mi="1" ci="0" mb="0" cb="0" />
      <line nr="150" mi="3" ci="0" mb="0" cb="0" />
      <line nr="151" mi="1" ci="0" mb="0" cb="0" />
      <line nr="154" mi="3" ci="0" mb="0" cb="0" />
      <line nr="155" mi="1" ci="0" mb="0" cb="0" />
      <line nr="158" mi="3" ci="0" mb="0" cb="0" />
      <line nr="159" mi="1" ci="0" mb="0" cb="0" />
      <counter type="INSTRUCTION" missed="88" covered="138" />
      <counter type="BRANCH" missed="2" covered="2" />
      <counter type="LINE" missed="36" covered="31" />
      <counter type="COMPLEXITY" missed="26" covered="4" />
      <counter type="METHOD" missed="24" covered="4" />
      <counter type="CLASS" missed="0" covered="1" />
    </sourcefile>
    <sourcefile name="CoverageReport.java">
      <line nr="20" mi="0" ci="2" mb="0" cb="0" />
      <line nr="21" mi="0" ci="3" mb="0" cb="0" />
      <line nr="22" mi="0" ci="3" mb="0" cb="0" />
      <line nr="23" mi="0" ci="1" mb="0" cb="0" />
      <line nr="26" mi="0" ci="3" mb="0" cb="0" />
      <line nr="27" mi="1" ci="15" mb="1" cb="1" />
      <line nr="29" mi="6" ci="0" mb="0" cb="0" />
      <line nr="30" mi="0" ci="1" mb="0" cb="0" />
      <line nr="31" mi="0" ci="6" mb="0" cb="0" />
      <line nr="34" mi="3" ci="0" mb="0" cb="0" />
      <line nr="35" mi="1" ci="0" mb="0" cb="0" />
      <line nr="38" mi="3" ci="0" mb="0" cb="0" />
      <line nr="40" mi="6" ci="0" mb="0" cb="0" />
      <line nr="41" mi="1" ci="0" mb="0" cb="0" />
      <line nr="42" mi="12" ci="0" mb="0" cb="0" />
      <line nr="44" mi="3" ci="0" mb="0" cb="0" />
      <line nr="45" mi="1" ci="0" mb="0" cb="0" />
      <line nr="49" mi="4" ci="0" mb="0" cb="0" />
      <line nr="50" mi="2" ci="0" mb="2" cb="0" />
      <line nr="51" mi="3" ci="0" mb="0" cb="0" />
      <line nr="53" mi="2" ci="0" mb="0" cb="0" />
      <line nr="58" mi="4" ci="0" mb="0" cb="0" />
      <line nr="65" mi="0" ci="4" mb="0" cb="0" />
      <line nr="66" mi="0" ci="5" mb="0" cb="0" />
      <line nr="68" mi="0" ci="3" mb="0" cb="0" />
      <line nr="70" mi="0" ci="4" mb="0" cb="0" />
      <line nr="71" mi="0" ci="4" mb="0" cb="0" />
      <line nr="72" mi="0" ci="3" mb="0" cb="0" />
      <line nr="73" mi="0" ci="4" mb="0" cb="0" />
      <line nr="74" mi="0" ci="4" mb="0" cb="0" />
      <line nr="75" mi="0" ci="3" mb="0" cb="0" />
      <line nr="76" mi="0" ci="4" mb="0" cb="0" />
      <line nr="77" mi="0" ci="4" mb="0" cb="0" />
      <line nr="78" mi="0" ci="3" mb="0" cb="0" />
      <line nr="79" mi="0" ci="4" mb="0" cb="0" />
      <line nr="80" mi="0" ci="4" mb="0" cb="0" />
      <line nr="81" mi="0" ci="3" mb="0" cb="0" />
      <line nr="83" mi="0" ci="4" mb="0" cb="0" />
      <line nr="84" mi="0" ci="3" mb="0" cb="0" />
      <line nr="85" mi="0" ci="4" mb="0" cb="0" />
      <line nr="100" mi="0" ci="2" mb="0" cb="0" />
      <counter type="INSTRUCTION" missed="54" covered="103" />
      <counter type="BRANCH" missed="3" covered="1" />
      <counter type="LINE" missed="14" covered="27" />
      <counter type="COMPLEXITY" missed="5" covered="3" />
      <counter type="METHOD" missed="3" covered="3" />
      <counter type="CLASS" missed="0" covered="1" />
    </sourcefile>
    <sourcefile name="EmmaProjectAction.java">
      <line nr="20" mi="2" ci="0" mb="0" cb="0" />
      <line nr="21" mi="3" ci="0" mb="0" cb="0" />
      <line nr="22" mi="1" ci="0" mb="0" cb="0" />
      <line nr="25" mi="2" ci="0" mb="0" cb="0" />
      <line nr="29" mi="2" ci="0" mb="0" cb="0" />
      <line nr="33" mi="2" ci="0" mb="0" cb="0" />
      <line nr="40" mi="12" ci="0" mb="2" cb="0" />
      <line nr="41" mi="4" ci="0" mb="2" cb="0" />
      <line nr="42" mi="1" ci="0" mb="0" cb="0" />
      <line nr="43" mi="5" ci="0" mb="0" cb="0" />
      <line nr="44" mi="2" ci="0" mb="2" cb="0" />
      <line nr="45" mi="2" ci="0" mb="0" cb="0" />
      <line nr="47" mi="2" ci="0" mb="0" cb="0" />
      <line nr="51" mi="3" ci="0" mb="2" cb="0" />
      <line nr="52" mi="5" ci="0" mb="0" cb="0" />
      <line nr="53" mi="1" ci="0" mb="0" cb="0" />
      <counter type="INSTRUCTION" missed="49" covered="0" />
      <counter type="BRANCH" missed="8" covered="0" />
      <counter type="LINE" missed="16" covered="0" />
      <counter type="COMPLEXITY" missed="10" covered="0" />
      <counter type="METHOD" missed="6" covered="0" />
      <counter type="CLASS" missed="1" covered="0" />
    </sourcefile>
    <sourcefile name="AggregatedReport.java">
      <line nr="15" mi="0" ci="3" mb="0" cb="0" />
      <line nr="19" mi="0" ci="5" mb="0" cb="0" />
      <line nr="22" mi="7" ci="0" mb="0" cb="0" />
      <line nr="23" mi="3" ci="0" mb="0" cb="0" />
      <line nr="24" mi="1" ci="0" mb="0" cb="0" />
      <line nr="27" mi="3" ci="0" mb="0" cb="0" />
      <line nr="31" mi="3" ci="0" mb="0" cb="0" />
      <line nr="32" mi="13" ci="0" mb="2" cb="0" />
      <line nr="33" mi="3" ci="0" mb="0" cb="0" />
      <line nr="34" mi="1" ci="0" mb="0" cb="0" />
      <line nr="37" mi="6" ci="0" mb="0" cb="0" />
      <line nr="42" mi="2" ci="0" mb="0" cb="0" />
      <line nr="44" mi="3" ci="0" mb="2" cb="0" />
      <line nr="45" mi="3" ci="0" mb="0" cb="0" />
      <line nr="46" mi="1" ci="0" mb="0" cb="0" />
      <line nr="49" mi="8" ci="0" mb="2" cb="0" />
      <line nr="53" mi="13" ci="0" mb="2" cb="0" />
      <line nr="54" mi="3" ci="0" mb="2" cb="0" />
      <line nr="55" mi="2" ci="0" mb="0" cb="0" />
      <line nr="58" mi="2" ci="0" mb="0" cb="0" />
      <line nr="62" mi="13" ci="0" mb="2" cb="0" />
      <line nr="63" mi="3" ci="0" mb="2" cb="0" />
      <line nr="64" mi="2" ci="0" mb="0" cb="0" />
      <line nr="67" mi="2" ci="0" mb="0" cb="0" />
      <counter type="INSTRUCTION" missed="97" covered="8" />
      <counter type="BRANCH" missed="14" covered="0" />
      <counter type="LINE" missed="22" covered="2" />
      <counter type="COMPLEXITY" missed="15" covered="1" />
      <counter type="METHOD" missed="8" covered="1" />
      <counter type="CLASS" missed="0" covered="1" />
    </sourcefile>
    <sourcefile name="ClassReport.java">
      <line nr="6" mi="3" ci="0" mb="0" cb="0" />
      <counter type="INSTRUCTION" missed="3" covered="0" />
      <counter type="LINE" missed="1" covered="0" />
      <counter type="COMPLEXITY" missed="1" covered="0" />
      <counter type="METHOD" missed="1" covered="0" />
      <counter type="CLASS" missed="1" covered="0" />
    </sourcefile>
    <sourcefile name="CoverageElement.java">
      <line nr="1" mi="5" ci="22" mb="0" cb="0" />
      <line nr="11" mi="0" ci="3" mb="0" cb="0" />
      <line nr="18" mi="0" ci="33" mb="0" cb="0" />
      <line nr="19" mi="0" ci="11" mb="0" cb="0" />
      <line nr="22" mi="3" ci="0" mb="0" cb="0" />
      <line nr="25" mi="0" ci="11" mb="0" cb="0" />
      <line nr="28" mi="3" ci="0" mb="0" cb="0" />
      <line nr="31" mi="0" ci="11" mb="0" cb="0" />
      <line nr="34" mi="3" ci="0" mb="0" cb="0" />
      <line nr="37" mi="0" ci="11" mb="0" cb="0" />
      <line nr="40" mi="3" ci="0" mb="0" cb="0" />
      <line nr="43" mi="0" ci="11" mb="0" cb="0" />
      <line nr="46" mi="3" ci="0" mb="0" cb="0" />
      <line nr="49" mi="0" ci="11" mb="0" cb="0" />
      <line nr="52" mi="3" ci="0" mb="0" cb="0" />
      <line nr="70" mi="4" ci="0" mb="0" cb="0" />
      <line nr="71" mi="1" ci="0" mb="0" cb="0" />
      <line nr="75" mi="3" ci="0" mb="0" cb="0" />
      <line nr="76" mi="1" ci="0" mb="0" cb="0" />
      <line nr="80" mi="3" ci="0" mb="0" cb="0" />
      <line nr="81" mi="1" ci="0" mb="0" cb="0" />
      <line nr="84" mi="14" ci="0" mb="0" cb="0" />
      <line nr="85" mi="1" ci="0" mb="0" cb="0" />
      <counter type="INSTRUCTION" missed="51" covered="124" />
      <counter type="LINE" missed="14" covered="9" />
      <counter type="COMPLEXITY" missed="11" covered="10" />
      <counter type="METHOD" missed="11" covered="10" />
      <counter type="CLASS" missed="0" covered="8" />
    </sourcefile>
    <counter type="INSTRUCTION" missed="1879" covered="1026" />
    <counter type="BRANCH" missed="151" covered="43" />
    <counter type="LINE" missed="393" covered="196" />
    <counter type="COMPLEXITY" missed="214" covered="60" />
    <counter type="METHOD" missed="131" covered="46" />
    <counter type="CLASS" missed="9" covered="17" />
  </package>
  <package name="hudson/plugins/emma/portlet/grid">
    <class name="hudson/plugins/emma/portlet/grid/EmmaBuilderGrid">
      <method name="&lt;init&gt;" desc="(Ljava/lang/String;)V"
      line="61">
        <counter type="INSTRUCTION" missed="4" covered="0" />
        <counter type="LINE" missed="2" covered="0" />
        <counter type="COMPLEXITY" missed="1" covered="0" />
        <counter type="METHOD" missed="1" covered="0" />
      </method>
      <method name="getEmmaCoverageResultSummary"
      desc="(Ljava/util/Collection;)Lhudson/plugins/emma/portlet/bean/EmmaCoverageResultSummary;"
      line="73">
        <counter type="INSTRUCTION" missed="3" covered="0" />
        <counter type="LINE" missed="1" covered="0" />
        <counter type="COMPLEXITY" missed="1" covered="0" />
        <counter type="METHOD" missed="1" covered="0" />
      </method>
      <counter type="INSTRUCTION" missed="7" covered="0" />
      <counter type="LINE" missed="3" covered="0" />
      <counter type="COMPLEXITY" missed="2" covered="0" />
      <counter type="METHOD" missed="2" covered="0" />
      <counter type="CLASS" missed="1" covered="0" />
    </class>
    <class name="hudson/plugins/emma/portlet/grid/EmmaBuilderGrid$EmmaGridDescriptor">

      <method name="&lt;init&gt;" desc="()V" line="80">
        <counter type="INSTRUCTION" missed="3" covered="0" />
        <counter type="LINE" missed="1" covered="0" />
        <counter type="COMPLEXITY" missed="1" covered="0" />
        <counter type="METHOD" missed="1" covered="0" />
      </method>
      <method name="getDisplayName" desc="()Ljava/lang/String;"
      line="84">
        <counter type="INSTRUCTION" missed="2" covered="0" />
        <counter type="LINE" missed="1" covered="0" />
        <counter type="COMPLEXITY" missed="1" covered="0" />
        <counter type="METHOD" missed="1" covered="0" />
      </method>
      <counter type="INSTRUCTION" missed="5" covered="0" />
      <counter type="LINE" missed="2" covered="0" />
      <counter type="COMPLEXITY" missed="2" covered="0" />
      <counter type="METHOD" missed="2" covered="0" />
      <counter type="CLASS" missed="1" covered="0" />
    </class>
    <sourcefile name="EmmaBuilderGrid.java">
      <line nr="61" mi="3" ci="0" mb="0" cb="0" />
      <line nr="62" mi="1" ci="0" mb="0" cb="0" />
      <line nr="73" mi="3" ci="0" mb="0" cb="0" />
      <line nr="80" mi="3" ci="0" mb="0" cb="0" />
      <line nr="84" mi="2" ci="0" mb="0" cb="0" />
      <counter type="INSTRUCTION" missed="12" covered="0" />
      <counter type="LINE" missed="5" covered="0" />
      <counter type="COMPLEXITY" missed="4" covered="0" />
      <counter type="METHOD" missed="4" covered="0" />
      <counter type="CLASS" missed="2" covered="0" />
    </sourcefile>
    <counter type="INSTRUCTION" missed="12" covered="0" />
    <counter type="LINE" missed="5" covered="0" />
    <counter type="COMPLEXITY" missed="4" covered="0" />
    <counter type="METHOD" missed="4" covered="0" />
    <counter type="CLASS" missed="2" covered="0" />
  </package>
  <package name="hudson/plugins/emma/rules">
    <class name="hudson/plugins/emma/rules/LineCoveragePerSourceFileRule">

      <method name="&lt;init&gt;" desc="(F)V" line="19">
        <counter type="INSTRUCTION" missed="6" covered="0" />
        <counter type="LINE" missed="3" covered="0" />
        <counter type="COMPLEXITY" missed="1" covered="0" />
        <counter type="METHOD" missed="1" covered="0" />
      </method>
      <method name="enforce"
      desc="(Lhudson/plugins/emma/CoverageReport;Lhudson/model/TaskListener;)V"
      line="24">
        <counter type="INSTRUCTION" missed="56" covered="0" />
        <counter type="BRANCH" missed="6" covered="0" />
        <counter type="LINE" missed="7" covered="0" />
        <counter type="COMPLEXITY" missed="4" covered="0" />
        <counter type="METHOD" missed="1" covered="0" />
      </method>
      <counter type="INSTRUCTION" missed="62" covered="0" />
      <counter type="BRANCH" missed="6" covered="0" />
      <counter type="LINE" missed="10" covered="0" />
      <counter type="COMPLEXITY" missed="5" covered="0" />
      <counter type="METHOD" missed="2" covered="0" />
      <counter type="CLASS" missed="1" covered="0" />
    </class>
    <sourcefile name="LineCoveragePerSourceFileRule.java">
      <line nr="19" mi="2" ci="0" mb="0" cb="0" />
      <line nr="20" mi="3" ci="0" mb="0" cb="0" />
      <line nr="21" mi="1" ci="0" mb="0" cb="0" />
      <line nr="24" mi="13" ci="0" mb="2" cb="0" />
      <line nr="25" mi="13" ci="0" mb="2" cb="0" />
      <line nr="26" mi="4" ci="0" mb="0" cb="0" />
      <line nr="28" mi="5" ci="0" mb="2" cb="0" />
      <line nr="29" mi="18" ci="0" mb="0" cb="0" />
      <line nr="30" mi="2" ci="0" mb="0" cb="0" />
      <line nr="34" mi="1" ci="0" mb="0" cb="0" />
      <counter type="INSTRUCTION" missed="62" covered="0" />
      <counter type="BRANCH" missed="6" covered="0" />
      <counter type="LINE" missed="10" covered="0" />
      <counter type="COMPLEXITY" missed="5" covered="0" />
      <counter type="METHOD" missed="2" covered="0" />
      <counter type="CLASS" missed="1" covered="0" />
    </sourcefile>
    <counter type="INSTRUCTION" missed="62" covered="0" />
    <counter type="BRANCH" missed="6" covered="0" />
    <counter type="LINE" missed="10" covered="0" />
    <counter type="COMPLEXITY" missed="5" covered="0" />
    <counter type="METHOD" missed="2" covered="0" />
    <counter type="CLASS" missed="1" covered="0" />
  </package>
  
  <!-- Added by hand in support of a unit test -->
  <package name="fake/empty/package">
  </package>

  <!-- Added by hand in support of a unit test -->
  <package name="fake/empty/package/without/lines">
    <sourcefile name="FakeSourceFile.java">
      <counter type="INSTRUCTION" missed="62" covered="0" />
    </sourcefile>
    <counter type="INSTRUCTION" missed="62" covered="0" />
  </package>
  
  <counter type="INSTRUCTION" missed="2733" covered="1351" />
  <counter type="BRANCH" missed="223" covered="67" />
  <counter type="LINE" missed="595" covered="293" />
  <counter type="COMPLEXITY" missed="289" covered="92" />
  <counter type="METHOD" missed="167" covered="69" />
  <counter type="CLASS" missed="17" covered="20" />
</report>
